This is pdfTeX, Version 3.1415926-1.40.10 (TeX Live 2009/Debian) (format=pdflatex 2013.7.19)  28 JUL 2013 06:52
entering extended mode
 %&-line parsing enabled.
**a
(./a.tex
LaTeX2e <2009/09/24>
Babel <v3.8l> and hyphenation patterns for english, usenglishmax, dumylang, noh
yphenation, loaded.
(./standalone.cls
Document Class: standalone 2012/09/15 v1.1b Class to compile TeX sub-files stan
dalone
(/usr/share/texmf-texlive/tex/generic/oberdiek/ifluatex.sty
Package: ifluatex 2009/04/17 v1.2 Provides the ifluatex switch (HO)
Package ifluatex Info: LuaTeX not detected.
)
(/usr/share/texmf-texlive/tex/generic/oberdiek/ifpdf.sty
Package: ifpdf 2009/04/10 v2.0 Provides the ifpdf switch (HO)
Package ifpdf Info: pdfTeX in pdf mode detected.
)
(/usr/share/texmf-texlive/tex/generic/ifxetex/ifxetex.sty
Package: ifxetex 2009/01/23 v0.5 Provides ifxetex conditional
)
(/usr/share/texmf-texlive/tex/latex/xkeyval/xkeyval.sty
Package: xkeyval 2008/08/13 v2.6a package option processing (HA)

(/usr/share/texmf-texlive/tex/generic/xkeyval/xkeyval.tex
\XKV@toks=\toks14
\XKV@tempa@toks=\toks15
\XKV@depth=\count79
File: xkeyval.tex 2008/08/13 v2.6a key=value parser (HA)

(/usr/share/texmf-texlive/tex/generic/xkeyval/keyval.tex)))
\sa@internal=\count80

(/usr/share/texmf-texlive/tex/latex/base/minimal.cls
Document Class: minimal 2001/05/25 Standard LaTeX minimal class
) (./preview.sty
Package: preview 2004/04/11 preview-latex 0.8.1
)) (/usr/share/texmf/tex/latex/pgf/frontendlayer/tikz.sty
(/usr/share/texmf/tex/latex/pgf/basiclayer/pgf.sty
(/usr/share/texmf/tex/latex/pgf/utilities/pgfrcs.sty
(/usr/share/texmf/tex/generic/pgf/utilities/pgfutil-common.tex
\pgfutil@everybye=\toks16
)
(/usr/share/texmf/tex/generic/pgf/utilities/pgfutil-latex.def
\pgfutil@abb=\box26

(/usr/share/texmf-texlive/tex/latex/ms/everyshi.sty
Package: everyshi 2001/05/15 v3.00 EveryShipout Package (MS)
))
(/usr/share/texmf/tex/generic/pgf/utilities/pgfrcs.code.tex
Package: pgfrcs 2010/10/25 v2.10 (rcs-revision 1.24)
))
Package: pgf 2008/01/15 v2.10 (rcs-revision 1.12)

(/usr/share/texmf/tex/latex/pgf/basiclayer/pgfcore.sty
(/usr/share/texmf-texlive/tex/latex/graphics/graphicx.sty
Package: graphicx 1999/02/16 v1.0f Enhanced LaTeX Graphics (DPC,SPQR)

(/usr/share/texmf-texlive/tex/latex/graphics/graphics.sty
Package: graphics 2009/02/05 v1.0o Standard LaTeX Graphics (DPC,SPQR)

(/usr/share/texmf-texlive/tex/latex/graphics/trig.sty
Package: trig 1999/03/16 v1.09 sin cos tan (DPC)
)
(/etc/texmf/tex/latex/config/graphics.cfg
File: graphics.cfg 2009/08/28 v1.8 graphics configuration of TeX Live
)
Package graphics Info: Driver file: pdftex.def on input line 91.

(/usr/share/texmf-texlive/tex/latex/pdftex-def/pdftex.def
File: pdftex.def 2010/03/12 v0.04p Graphics/color for pdfTeX
\Gread@gobject=\count81
))
\Gin@req@height=\dimen102
\Gin@req@width=\dimen103
)
(/usr/share/texmf/tex/latex/pgf/systemlayer/pgfsys.sty
(/usr/share/texmf/tex/generic/pgf/systemlayer/pgfsys.code.tex
Package: pgfsys 2010/06/30 v2.10 (rcs-revision 1.37)

(/usr/share/texmf/tex/generic/pgf/utilities/pgfkeys.code.tex
\pgfkeys@pathtoks=\toks17
\pgfkeys@temptoks=\toks18

(/usr/share/texmf/tex/generic/pgf/utilities/pgfkeysfiltered.code.tex
\pgfkeys@tmptoks=\toks19
))
\pgf@x=\dimen104
\pgf@y=\dimen105
\pgf@xa=\dimen106
\pgf@ya=\dimen107
\pgf@xb=\dimen108
\pgf@yb=\dimen109
\pgf@xc=\dimen110
\pgf@yc=\dimen111
\w@pgf@writea=\write3
\r@pgf@reada=\read1
\c@pgf@counta=\count82
\c@pgf@countb=\count83
\c@pgf@countc=\count84
\c@pgf@countd=\count85

(/usr/share/texmf/tex/generic/pgf/systemlayer/pgf.cfg
File: pgf.cfg 2008/05/14  (rcs-revision 1.7)
)
Package pgfsys Info: Driver file for pgf: pgfsys-pdftex.def on input line 900.

(/usr/share/texmf/tex/generic/pgf/systemlayer/pgfsys-pdftex.def
File: pgfsys-pdftex.def 2009/05/22  (rcs-revision 1.26)

(/usr/share/texmf/tex/generic/pgf/systemlayer/pgfsys-common-pdf.def
File: pgfsys-common-pdf.def 2008/05/19  (rcs-revision 1.10)
)))
(/usr/share/texmf/tex/generic/pgf/systemlayer/pgfsyssoftpath.code.tex
File: pgfsyssoftpath.code.tex 2008/07/18  (rcs-revision 1.7)
\pgfsyssoftpath@smallbuffer@items=\count86
\pgfsyssoftpath@bigbuffer@items=\count87
)
(/usr/share/texmf/tex/generic/pgf/systemlayer/pgfsysprotocol.code.tex
File: pgfsysprotocol.code.tex 2006/10/16  (rcs-revision 1.4)
))
(/usr/share/texmf/tex/latex/xcolor/xcolor.sty
Package: xcolor 2007/01/21 v2.11 LaTeX color extensions (UK)

(/etc/texmf/tex/latex/config/color.cfg
File: color.cfg 2007/01/18 v1.5 color configuration of teTeX/TeXLive
)
Package xcolor Info: Driver file: pdftex.def on input line 225.
Package xcolor Info: Model `cmy' substituted by `cmy0' on input line 1337.
Package xcolor Info: Model `hsb' substituted by `rgb' on input line 1341.
Package xcolor Info: Model `RGB' extended on input line 1353.
Package xcolor Info: Model `HTML' substituted by `rgb' on input line 1355.
Package xcolor Info: Model `Hsb' substituted by `hsb' on input line 1356.
Package xcolor Info: Model `tHsb' substituted by `hsb' on input line 1357.
Package xcolor Info: Model `HSB' substituted by `hsb' on input line 1358.
Package xcolor Info: Model `Gray' substituted by `gray' on input line 1359.
Package xcolor Info: Model `wave' substituted by `hsb' on input line 1360.
)
(/usr/share/texmf/tex/generic/pgf/basiclayer/pgfcore.code.tex
Package: pgfcore 2010/04/11 v2.10 (rcs-revision 1.7)

(/usr/share/texmf/tex/generic/pgf/math/pgfmath.code.tex
(/usr/share/texmf/tex/generic/pgf/math/pgfmathcalc.code.tex
(/usr/share/texmf/tex/generic/pgf/math/pgfmathutil.code.tex)
(/usr/share/texmf/tex/generic/pgf/math/pgfmathparser.code.tex
\pgfmath@dimen=\dimen112
\pgfmath@count=\count88
\pgfmath@box=\box27
\pgfmath@toks=\toks20
\pgfmath@stack@operand=\toks21
\pgfmath@stack@operation=\toks22
)
(/usr/share/texmf/tex/generic/pgf/math/pgfmathfunctions.code.tex
(/usr/share/texmf/tex/generic/pgf/math/pgfmathfunctions.basic.code.tex)
(/usr/share/texmf/tex/generic/pgf/math/pgfmathfunctions.trigonometric.code.tex)
(/usr/share/texmf/tex/generic/pgf/math/pgfmathfunctions.random.code.tex)
(/usr/share/texmf/tex/generic/pgf/math/pgfmathfunctions.comparison.code.tex)
(/usr/share/texmf/tex/generic/pgf/math/pgfmathfunctions.base.code.tex)
(/usr/share/texmf/tex/generic/pgf/math/pgfmathfunctions.round.code.tex)
(/usr/share/texmf/tex/generic/pgf/math/pgfmathfunctions.misc.code.tex)))
(/usr/share/texmf/tex/generic/pgf/math/pgfmathfloat.code.tex
\c@pgfmathroundto@lastzeros=\count89
))
(/usr/share/texmf/tex/generic/pgf/basiclayer/pgfcorepoints.code.tex
File: pgfcorepoints.code.tex 2010/04/09  (rcs-revision 1.20)
\pgf@picminx=\dimen113
\pgf@picmaxx=\dimen114
\pgf@picminy=\dimen115
\pgf@picmaxy=\dimen116
\pgf@pathminx=\dimen117
\pgf@pathmaxx=\dimen118
\pgf@pathminy=\dimen119
\pgf@pathmaxy=\dimen120
\pgf@xx=\dimen121
\pgf@xy=\dimen122
\pgf@yx=\dimen123
\pgf@yy=\dimen124
\pgf@zx=\dimen125
\pgf@zy=\dimen126
)
(/usr/share/texmf/tex/generic/pgf/basiclayer/pgfcorepathconstruct.code.tex
File: pgfcorepathconstruct.code.tex 2010/08/03  (rcs-revision 1.24)
\pgf@path@lastx=\dimen127
\pgf@path@lasty=\dimen128
)
(/usr/share/texmf/tex/generic/pgf/basiclayer/pgfcorepathusage.code.tex
File: pgfcorepathusage.code.tex 2008/04/22  (rcs-revision 1.12)
\pgf@shorten@end@additional=\dimen129
\pgf@shorten@start@additional=\dimen130
)
(/usr/share/texmf/tex/generic/pgf/basiclayer/pgfcorescopes.code.tex
File: pgfcorescopes.code.tex 2010/09/08  (rcs-revision 1.34)
\pgfpic=\box28
\pgf@hbox=\box29
\pgf@layerbox@main=\box30
\pgf@picture@serial@count=\count90
)
(/usr/share/texmf/tex/generic/pgf/basiclayer/pgfcoregraphicstate.code.tex
File: pgfcoregraphicstate.code.tex 2008/04/22  (rcs-revision 1.9)
\pgflinewidth=\dimen131
)
(/usr/share/texmf/tex/generic/pgf/basiclayer/pgfcoretransformations.code.tex
File: pgfcoretransformations.code.tex 2009/06/10  (rcs-revision 1.11)
\pgf@pt@x=\dimen132
\pgf@pt@y=\dimen133
\pgf@pt@temp=\dimen134
)
(/usr/share/texmf/tex/generic/pgf/basiclayer/pgfcorequick.code.tex
File: pgfcorequick.code.tex 2008/10/09  (rcs-revision 1.3)
)
(/usr/share/texmf/tex/generic/pgf/basiclayer/pgfcoreobjects.code.tex
File: pgfcoreobjects.code.tex 2006/10/11  (rcs-revision 1.2)
)
(/usr/share/texmf/tex/generic/pgf/basiclayer/pgfcorepathprocessing.code.tex
File: pgfcorepathprocessing.code.tex 2008/10/09  (rcs-revision 1.8)
)
(/usr/share/texmf/tex/generic/pgf/basiclayer/pgfcorearrows.code.tex
File: pgfcorearrows.code.tex 2008/04/23  (rcs-revision 1.11)
)
(/usr/share/texmf/tex/generic/pgf/basiclayer/pgfcoreshade.code.tex
File: pgfcoreshade.code.tex 2008/11/23  (rcs-revision 1.13)
\pgf@max=\dimen135
\pgf@sys@shading@range@num=\count91
)
(/usr/share/texmf/tex/generic/pgf/basiclayer/pgfcoreimage.code.tex
File: pgfcoreimage.code.tex 2010/03/25  (rcs-revision 1.16)

(/usr/share/texmf/tex/generic/pgf/basiclayer/pgfcoreexternal.code.tex
File: pgfcoreexternal.code.tex 2010/09/01  (rcs-revision 1.17)
\pgfexternal@startupbox=\box31
))
(/usr/share/texmf/tex/generic/pgf/basiclayer/pgfcorelayers.code.tex
File: pgfcorelayers.code.tex 2010/08/27  (rcs-revision 1.2)
)
(/usr/share/texmf/tex/generic/pgf/basiclayer/pgfcoretransparency.code.tex
File: pgfcoretransparency.code.tex 2008/01/17  (rcs-revision 1.2)
)
(/usr/share/texmf/tex/generic/pgf/basiclayer/pgfcorepatterns.code.tex
File: pgfcorepatterns.code.tex 2009/07/02  (rcs-revision 1.3)
)))
(/usr/share/texmf/tex/generic/pgf/modules/pgfmoduleshapes.code.tex
File: pgfmoduleshapes.code.tex 2010/09/09  (rcs-revision 1.13)
\pgfnodeparttextbox=\box32
)
(/usr/share/texmf/tex/generic/pgf/modules/pgfmoduleplot.code.tex
File: pgfmoduleplot.code.tex 2010/10/22  (rcs-revision 1.8)
)
(/usr/share/texmf/tex/latex/pgf/compatibility/pgfcomp-version-0-65.sty
Package: pgfcomp-version-0-65 2007/07/03 v2.10 (rcs-revision 1.7)
\pgf@nodesepstart=\dimen136
\pgf@nodesepend=\dimen137
)
(/usr/share/texmf/tex/latex/pgf/compatibility/pgfcomp-version-1-18.sty
Package: pgfcomp-version-1-18 2007/07/23 v2.10 (rcs-revision 1.1)
))
(/usr/share/texmf/tex/latex/pgf/utilities/pgffor.sty
(/usr/share/texmf/tex/latex/pgf/utilities/pgfkeys.sty
(/usr/share/texmf/tex/generic/pgf/utilities/pgfkeys.code.tex))
(/usr/share/texmf/tex/generic/pgf/utilities/pgffor.code.tex
Package: pgffor 2010/03/23 v2.10 (rcs-revision 1.18)
\pgffor@iter=\dimen138
\pgffor@skip=\dimen139
\pgffor@stack=\toks23
\pgffor@toks=\toks24
))
(/usr/share/texmf/tex/generic/pgf/frontendlayer/tikz/tikz.code.tex
Package: tikz 2010/10/13 v2.10 (rcs-revision 1.76)

(/usr/share/texmf/tex/generic/pgf/libraries/pgflibraryplothandlers.code.tex
File: pgflibraryplothandlers.code.tex 2010/05/31 v2.10 (rcs-revision 1.15)
\pgf@plot@mark@count=\count92
\pgfplotmarksize=\dimen140
)
\tikz@lastx=\dimen141
\tikz@lasty=\dimen142
\tikz@lastxsaved=\dimen143
\tikz@lastysaved=\dimen144
\tikzleveldistance=\dimen145
\tikzsiblingdistance=\dimen146
\tikz@figbox=\box33
\tikz@tempbox=\box34
\tikztreelevel=\count93
\tikznumberofchildren=\count94
\tikznumberofcurrentchild=\count95
\tikz@fig@count=\count96

(/usr/share/texmf/tex/generic/pgf/modules/pgfmodulematrix.code.tex
File: pgfmodulematrix.code.tex 2010/08/24  (rcs-revision 1.4)
\pgfmatrixcurrentrow=\count97
\pgfmatrixcurrentcolumn=\count98
\pgf@matrix@numberofcolumns=\count99
)
\tikz@expandcount=\count100

(/usr/share/texmf/tex/generic/pgf/frontendlayer/tikz/libraries/tikzlibrarytopat
hs.code.tex
File: tikzlibrarytopaths.code.tex 2008/06/17 v2.10 (rcs-revision 1.2)
)))
(/usr/share/texmf/tex/generic/pgf/frontendlayer/tikz/libraries/tikzlibraryshape
s.code.tex
File: tikzlibraryshapes.code.tex 2008/01/09 v2.10 (rcs-revision 1.1)

(/usr/share/texmf/tex/generic/pgf/frontendlayer/tikz/libraries/tikzlibraryshape
s.geometric.code.tex
File: tikzlibraryshapes.geometric.code.tex 2008/01/09 v2.10 (rcs-revision 1.1)

(/usr/share/texmf/tex/generic/pgf/libraries/shapes/pgflibraryshapes.geometric.c
ode.tex
File: pgflibraryshapes.geometric.code.tex 2008/06/26 v2.10 (rcs-revision 1.1)
))
(/usr/share/texmf/tex/generic/pgf/frontendlayer/tikz/libraries/tikzlibraryshape
s.misc.code.tex
File: tikzlibraryshapes.misc.code.tex 2008/01/09 v2.10 (rcs-revision 1.1)

(/usr/share/texmf/tex/generic/pgf/libraries/shapes/pgflibraryshapes.misc.code.t
ex
File: pgflibraryshapes.misc.code.tex 2008/10/07 v2.10 (rcs-revision 1.3)
))
(/usr/share/texmf/tex/generic/pgf/frontendlayer/tikz/libraries/tikzlibraryshape
s.symbols.code.tex
File: tikzlibraryshapes.symbols.code.tex 2008/01/09 v2.10 (rcs-revision 1.1)

(/usr/share/texmf/tex/generic/pgf/libraries/shapes/pgflibraryshapes.symbols.cod
e.tex
File: pgflibraryshapes.symbols.code.tex 2009/10/27 v2.10 (rcs-revision 1.3)
))
(/usr/share/texmf/tex/generic/pgf/frontendlayer/tikz/libraries/tikzlibraryshape
s.arrows.code.tex
File: tikzlibraryshapes.arrows.code.tex 2008/01/09 v2.10 (rcs-revision 1.1)

(/usr/share/texmf/tex/generic/pgf/libraries/shapes/pgflibraryshapes.arrows.code
.tex
File: pgflibraryshapes.arrows.code.tex 2008/06/26 v2.10 (rcs-revision 1.1)
))
(/usr/share/texmf/tex/generic/pgf/frontendlayer/tikz/libraries/tikzlibraryshape
s.callouts.code.tex
(/usr/share/texmf/tex/generic/pgf/libraries/shapes/pgflibraryshapes.callouts.co
de.tex))
(/usr/share/texmf/tex/generic/pgf/frontendlayer/tikz/libraries/tikzlibraryshape
s.multipart.code.tex
File: tikzlibraryshapes.multipart.code.tex 2008/01/09 v2.10 (rcs-revision 1.1)

(/usr/share/texmf/tex/generic/pgf/libraries/shapes/pgflibraryshapes.multipart.c
ode.tex
File: pgflibraryshapes.multipart.code.tex 2010/01/07 v2.10 (rcs-revision 1.2)
\pgfnodepartlowerbox=\box35
\pgfnodeparttwobox=\box36
\pgfnodepartthreebox=\box37
\pgfnodepartfourbox=\box38
\pgfnodeparttwentybox=\box39
\pgfnodepartnineteenbox=\box40
\pgfnodeparteighteenbox=\box41
\pgfnodepartseventeenbox=\box42
\pgfnodepartsixteenbox=\box43
\pgfnodepartfifteenbox=\box44
\pgfnodepartfourteenbox=\box45
\pgfnodepartthirteenbox=\box46
\pgfnodeparttwelvebox=\box47
\pgfnodepartelevenbox=\box48
\pgfnodeparttenbox=\box49
\pgfnodepartninebox=\box50
\pgfnodeparteightbox=\box51
\pgfnodepartsevenbox=\box52
\pgfnodepartsixbox=\box53
\pgfnodepartfivebox=\box54
)))
(/usr/share/texmf/tex/generic/pgf/frontendlayer/tikz/libraries/tikzlibraryarrow
s.code.tex
File: tikzlibraryarrows.code.tex 2008/01/09 v2.10 (rcs-revision 1.1)

(/usr/share/texmf/tex/generic/pgf/libraries/pgflibraryarrows.code.tex
File: pgflibraryarrows.code.tex 2008/10/27 v2.10 (rcs-revision 1.9)
\arrowsize=\dimen147
))
(/usr/share/texmf/tex/generic/pgf/frontendlayer/tikz/libraries/tikzlibraryposit
ioning.code.tex
File: tikzlibrarypositioning.code.tex 2008/10/06 v2.10 (rcs-revision 1.7)
) (./a.aux (./table.aux))
\openout1 = `a.aux'.

LaTeX Font Info:    Checking defaults for OML/cmm/m/it on input line 10.
LaTeX Font Info:    ... okay on input line 10.
LaTeX Font Info:    Checking defaults for T1/cmr/m/n on input line 10.
LaTeX Font Info:    ... okay on input line 10.
LaTeX Font Info:    Checking defaults for OT1/cmr/m/n on input line 10.
LaTeX Font Info:    ... okay on input line 10.
LaTeX Font Info:    Checking defaults for OMS/cmsy/m/n on input line 10.
LaTeX Font Info:    ... okay on input line 10.
LaTeX Font Info:    Checking defaults for OMX/cmex/m/n on input line 10.
LaTeX Font Info:    ... okay on input line 10.
LaTeX Font Info:    Checking defaults for U/cmr/m/n on input line 10.
LaTeX Font Info:    ... okay on input line 10.
 ABD: EveryShipout initializing macros
(/usr/share/texmf-texlive/tex/context/base/supp-pdf.mkii
[Loading MPS to PDF converter (version 2006.09.02).]
\scratchcounter=\count101
\scratchdimen=\dimen148
\scratchbox=\box55
\nofMPsegments=\count102
\nofMParguments=\count103
\everyMPshowfont=\toks25
\MPscratchCnt=\count104
\MPscratchDim=\dimen149
\MPnumerator=\count105
\everyMPtoPDFconversion=\toks26
)
\openout2 = `table.aux'.

 (./table.tex <images/28143.png, id=4, 85.31876pt x 76.285pt>
File: images/28143.png Graphic file (type png)

<use images/28143.png> <images/28144.png, id=6, 37.13875pt x 88.33pt>
File: images/28144.png Graphic file (type png)

<use images/28144.png> <images/28145.png, id=7, 30.1125pt x 69.25874pt>
File: images/28145.png Graphic file (type png)

<use images/28145.png> <images/28146.png, id=8, 54.2025pt x 78.2925pt>
File: images/28146.png Graphic file (type png)

<use images/28146.png> <images/28147.png, id=9, 88.33pt x 80.3pt>
File: images/28147.png Graphic file (type png)

<use images/28147.png> <images/28148.png, id=10, 125.46875pt x 75.28125pt>
File: images/28148.png Graphic file (type png)

<use images/28148.png> <images/28149.png, id=11, 88.33pt x 87.32625pt>
File: images/28149.png Graphic file (type png)

<use images/28149.png> <images/28150.png, id=12, 178.6675pt x 79.29625pt>
File: images/28150.png Graphic file (type png)

<use images/28150.png> <images/28151.png, id=13, 62.2325pt x 85.31876pt>
File: images/28151.png Graphic file (type png)

<use images/28151.png> <images/28152.png, id=14, 107.40125pt x 83.31125pt>
File: images/28152.png Graphic file (type png)

<use images/28152.png> <images/28153.png, id=15, 69.25874pt x 80.3pt>
File: images/28153.png Graphic file (type png)

<use images/28153.png> <images/28154.png, id=16, 39.14626pt x 70.2625pt>
File: images/28154.png Graphic file (type png)

<use images/28154.png> <images/28155.png, id=17, 55.20625pt x 82.3075pt>
File: images/28155.png Graphic file (type png)

<use images/28155.png> <images/28142.png, id=18, 74.2775pt x 83.31125pt>
File: images/28142.png Graphic file (type png)

<use images/28142.png> <images/28136.png, id=19, 88.33pt x 82.3075pt>
File: images/28136.png Graphic file (type png)

<use images/28136.png> <images/28137.png, id=20, 116.435pt x 83.31125pt>
File: images/28137.png Graphic file (type png)

<use images/28137.png> <images/28138.png, id=21, 44.165pt x 83.31125pt>
File: images/28138.png Graphic file (type png)

<use images/28138.png> <images/28139.png, id=22, 62.2325pt x 78.2925pt>
File: images/28139.png Graphic file (type png)

<use images/28139.png> <images/28140.png, id=23, 31.11626pt x 83.31125pt>
File: images/28140.png Graphic file (type png)

<use images/28140.png> <images/28141.png, id=24, 47.17625pt x 85.31876pt>
File: images/28141.png Graphic file (type png)

<use images/28141.png> <images/28135.png, id=25, 88.33pt x 83.31125pt>
File: images/28135.png Graphic file (type png)

<use images/28135.png> <images/28133.png, id=26, 94.3525pt x 83.31125pt>
File: images/28133.png Graphic file (type png)

<use images/28133.png> <images/28134.png, id=27, 48.18pt x 82.3075pt>
File: images/28134.png Graphic file (type png)

<use images/28134.png> <images/28132.png, id=28, 105.39375pt x 83.31125pt>
File: images/28132.png Graphic file (type png)

<use images/28132.png> <images/28124.png, id=29, 35.13126pt x 90.3375pt>
File: images/28124.png Graphic file (type png)

<use images/28124.png> <images/28125.png, id=30, 32.12pt x 80.3pt>
File: images/28125.png Graphic file (type png)

<use images/28125.png> <images/28126.png, id=31, 114.4275pt x 83.31125pt>
File: images/28126.png Graphic file (type png)

<use images/28126.png> <images/28127.png, id=32, 88.33pt x 83.31125pt>
File: images/28127.png Graphic file (type png)

<use images/28127.png> <images/28128.png, id=33, 88.33pt x 79.29625pt>
File: images/28128.png Graphic file (type png)

<use images/28128.png> <images/28129.png, id=34, 54.2025pt x 76.285pt>
File: images/28129.png Graphic file (type png)

<use images/28129.png> <images/28130.png, id=35, 84.315pt x 83.31125pt>
File: images/28130.png Graphic file (type png)

<use images/28130.png> <images/28131.png, id=36, 110.4125pt x 86.3225pt>
File: images/28131.png Graphic file (type png)

<use images/28131.png> <images/28123.png, id=37, 88.33pt x 83.31125pt>
File: images/28123.png Graphic file (type png)

<use images/28123.png> <images/28122.png, id=38, 99.37125pt x 90.3375pt>
File: images/28122.png Graphic file (type png)

<use images/28122.png> <images/28983.png, id=39, 107.40125pt x 83.31125pt>
File: images/28983.png Graphic file (type png)

<use images/28983.png> <images/28984.png, id=40, 74.2775pt x 77.28876pt>
File: images/28984.png Graphic file (type png)

<use images/28984.png> <images/28985.png, id=41, 161.60374pt x 86.3225pt>
File: images/28985.png Graphic file (type png)

<use images/28985.png> <images/28986.png, id=42, 35.13126pt x 83.31125pt>
File: images/28986.png Graphic file (type png)

<use images/28986.png> <images/28987.png, id=43, 30.1125pt x 83.31125pt>
File: images/28987.png Graphic file (type png)

<use images/28987.png> <images/28988.png, id=44, 103.38625pt x 84.315pt>
File: images/28988.png Graphic file (type png)

<use images/28988.png> <images/28989.png, id=45, 111.41624pt x 85.31876pt>
File: images/28989.png Graphic file (type png)

<use images/28989.png> <images/28990.png, id=46, 88.33pt x 87.32625pt>
File: images/28990.png Graphic file (type png)

<use images/28990.png> <images/28991.png, id=47, 86.3225pt x 76.285pt>
File: images/28991.png Graphic file (type png)

<use images/28991.png> <images/28982.png, id=48, 76.285pt x 89.33376pt>
File: images/28982.png Graphic file (type png)

<use images/28982.png> <images/28980.png, id=49, 88.33pt x 82.3075pt>
File: images/28980.png Graphic file (type png)

<use images/28980.png> <images/28981.png, id=50, 63.23625pt x 75.28125pt>
File: images/28981.png Graphic file (type png)

<use images/28981.png> <images/28979.png, id=51, 88.33pt x 83.31125pt>
File: images/28979.png Graphic file (type png)

<use images/28979.png> <images/28977.png, id=52, 94.3525pt x 83.31125pt>
File: images/28977.png Graphic file (type png)

<use images/28977.png> <images/28978.png, id=53, 48.18pt x 82.3075pt>
File: images/28978.png Graphic file (type png)

<use images/28978.png> <images/28976.png, id=54, 105.39375pt x 83.31125pt>
File: images/28976.png Graphic file (type png)

<use images/28976.png> <images/28958.png, id=55, 37.13875pt x 75.28125pt>
File: images/28958.png Graphic file (type png)

<use images/28958.png> <images/28959.png, id=56, 50.1875pt x 86.3225pt>
File: images/28959.png Graphic file (type png)

<use images/28959.png> <images/28960.png, id=57, 35.13126pt x 90.3375pt>
File: images/28960.png Graphic file (type png)

<use images/28960.png> <images/28961.png, id=58, 85.31876pt x 82.3075pt>
File: images/28961.png Graphic file (type png)

<use images/28961.png> <images/28962.png, id=59, 152.57pt x 81.30376pt>
File: images/28962.png Graphic file (type png)

<use images/28962.png> <images/28963.png, id=60, 37.13875pt x 85.31876pt>
File: images/28963.png Graphic file (type png)

<use images/28963.png> <images/28964.png, id=61, 112.42pt x 86.3225pt>
File: images/28964.png Graphic file (type png)

<use images/28964.png> <images/28965.png, id=62, 88.33pt x 80.3pt>
File: images/28965.png Graphic file (type png)

<use images/28965.png> <images/28966.png, id=63, 51.19125pt x 85.31876pt>
File: images/28966.png Graphic file (type png)

<use images/28966.png> <images/28967.png, id=64, 37.13875pt x 75.28125pt>
File: images/28967.png Graphic file (type png)

<use images/28967.png> <images/28968.png, id=65, 88.33pt x 86.3225pt>
File: images/28968.png Graphic file (type png)

<use images/28968.png> <images/28969.png, id=66, 35.13126pt x 90.3375pt>
File: images/28969.png Graphic file (type png)

<use images/28969.png> <images/28970.png, id=67, 37.13875pt x 82.3075pt>
File: images/28970.png Graphic file (type png)

<use images/28970.png> <images/28971.png, id=68, 49.18375pt x 91.34125pt>
File: images/28971.png Graphic file (type png)

<use images/28971.png> <images/28972.png, id=69, 88.33pt x 85.31876pt>
File: images/28972.png Graphic file (type png)

<use images/28972.png> <images/28973.png, id=70, 167.62625pt x 86.3225pt>
File: images/28973.png Graphic file (type png)

<use images/28973.png> <images/28974.png, id=71, 88.33pt x 85.31876pt>
File: images/28974.png Graphic file (type png)

<use images/28974.png> <images/28975.png, id=72, 225.84375pt x 81.30376pt>
File: images/28975.png Graphic file (type png)

<use images/28975.png> <images/28957.png, id=73, 88.33pt x 81.30376pt>
File: images/28957.png Graphic file (type png)

<use images/28957.png> <images/28952.png, id=74, 32.12pt x 80.3pt>
File: images/28952.png Graphic file (type png)

<use images/28952.png> <images/28953.png, id=75, 37.13875pt x 75.28125pt>
File: images/28953.png Graphic file (type png)

<use images/28953.png> <images/28954.png, id=76, 88.33pt x 83.31125pt>
File: images/28954.png Graphic file (type png)

<use images/28954.png> <images/28955.png, id=77, 32.12pt x 70.2625pt>
File: images/28955.png Graphic file (type png)

<use images/28955.png> <images/28956.png, id=78, 27.10126pt x 92.345pt>
File: images/28956.png Graphic file (type png)

<use images/28956.png> <images/28951.png, id=79, 88.33pt x 83.31125pt>
File: images/28951.png Graphic file (type png)

<use images/28951.png> <images/28945.png, id=80, 84.315pt x 84.315pt>
File: images/28945.png Graphic file (type png)

<use images/28945.png> <images/28946.png, id=81, 37.13875pt x 74.2775pt>
File: images/28946.png Graphic file (type png)

<use images/28946.png> <images/28947.png, id=82, 88.33pt x 86.3225pt>
File: images/28947.png Graphic file (type png)

<use images/28947.png> <images/28948.png, id=83, 51.19125pt x 81.30376pt>
File: images/28948.png Graphic file (type png)

<use images/28948.png> <images/28949.png, id=84, 35.13126pt x 78.2925pt>
File: images/28949.png Graphic file (type png)

<use images/28949.png> <images/28950.png, id=85, 152.57pt x 81.30376pt>
File: images/28950.png Graphic file (type png)

<use images/28950.png> <images/29134.png, id=86, 88.33pt x 82.3075pt>
File: images/29134.png Graphic file (type png)

<use images/29134.png> <images/29135.png, id=87, 38.1425pt x 79.29625pt>
File: images/29135.png Graphic file (type png)

<use images/29135.png> <images/29136.png, id=88, 88.33pt x 71.26625pt>
File: images/29136.png Graphic file (type png)

<use images/29136.png> <images/29137.png, id=89, 64.24pt x 79.29625pt>
File: images/29137.png Graphic file (type png)

<use images/29137.png> <images/29138.png, id=90, 68.255pt x 81.30376pt>
File: images/29138.png Graphic file (type png)

<use images/29138.png> <images/29133.png, id=91, 88.33pt x 83.31125pt>
File: images/29133.png Graphic file (type png)

<use images/29133.png> <images/29132.png, id=92, 48.18pt x 82.3075pt>
File: images/29132.png Graphic file (type png)

<use images/29132.png> <images/29131.png, id=93, 229.85875pt x 79.29625pt>
File: images/29131.png Graphic file (type png)

<use images/29131.png> <images/29125.png, id=94, 50.1875pt x 82.3075pt>
File: images/29125.png Graphic file (type png)

<use images/29125.png> <images/29126.png, id=95, 88.33pt x 86.3225pt>
File: images/29126.png Graphic file (type png)

<use images/29126.png> <images/29127.png, id=96, 32.12pt x 70.2625pt>
File: images/29127.png Graphic file (type png)

<use images/29127.png> <images/29128.png, id=97, 68.255pt x 84.315pt>
File: images/29128.png Graphic file (type png)

<use images/29128.png> <images/29129.png, id=98, 161.60374pt x 86.3225pt>
File: images/29129.png Graphic file (type png)

<use images/29129.png> <images/29130.png, id=99, 88.33pt x 76.285pt>
File: images/29130.png Graphic file (type png)

<use images/29130.png> <images/29124.png, id=100, 88.33pt x 81.30376pt>
File: images/29124.png Graphic file (type png)

<use images/29124.png> <images/29119.png, id=101, 32.12pt x 80.3pt>
File: images/29119.png Graphic file (type png)

<use images/29119.png> <images/29120.png, id=102, 37.13875pt x 75.28125pt>
File: images/29120.png Graphic file (type png)

<use images/29120.png> <images/29121.png, id=103, 88.33pt x 83.31125pt>
File: images/29121.png Graphic file (type png)

<use images/29121.png> <images/29122.png, id=104, 32.12pt x 70.2625pt>
File: images/29122.png Graphic file (type png)

<use images/29122.png> <images/29123.png, id=105, 27.10126pt x 92.345pt>
File: images/29123.png Graphic file (type png)

<use images/29123.png> <images/29118.png, id=106, 88.33pt x 83.31125pt>
File: images/29118.png Graphic file (type png)

<use images/29118.png> <images/29112.png, id=107, 84.315pt x 84.315pt>
File: images/29112.png Graphic file (type png)

<use images/29112.png> <images/29113.png, id=108, 54.2025pt x 80.3pt>
File: images/29113.png Graphic file (type png)

<use images/29113.png> <images/29114.png, id=109, 88.33pt x 86.3225pt>
File: images/29114.png Graphic file (type png)

<use images/29114.png> <images/29115.png, id=110, 60.225pt x 80.3pt>
File: images/29115.png Graphic file (type png)

<use images/29115.png> <images/29116.png, id=111, 35.13126pt x 78.2925pt>
File: images/29116.png Graphic file (type png)

<use images/29116.png> <images/29117.png, id=112, 152.57pt x 81.30376pt>
File: images/29117.png Graphic file (type png)

<use images/29117.png>
Overfull \hbox (4846.1157pt too wide) in paragraph at lines 186--187
[][] 
 []

) [1

 <./images/28143.png> <./images/28144.png> <./images/28145.png> <./images/28146
.png> <./images/28147.png> <./images/28148.png> <./images/28149.png> <./images/
28150.png> <./images/28151.png> <./images/28152.png> <./images/28153.png> <./im
ages/28154.png> <./images/28155.png> <./images/28142.png> <./images/28136.png> 
<./images/28137.png> <./images/28138.png> <./images/28139.png> <./images/28140.
png> <./images/28141.png> <./images/28135.png> <./images/28133.png> <./images/2
8134.png> <./images/28132.png> <./images/28124.png> <./images/28125.png> <./ima
ges/28126.png> <./images/28127.png> <./images/28128.png> <./images/28129.png> <
./images/28130.png> <./images/28131.png> <./images/28123.png> <./images/28122.p
ng> <./images/28983.png> <./images/28984.png> <./images/28985.png> <./images/28
986.png> <./images/28987.png> <./images/28988.png> <./images/28989.png> <./imag
es/28990.png> <./images/28991.png> <./images/28982.png> <./images/28980.png> <.
/images/28981.png> <./images/28979.png> <./images/28977.png> <./images/28978.pn
g> <./images/28976.png> <./images/28958.png> <./images/28959.png> <./images/289
60.png> <./images/28961.png> <./images/28962.png> <./images/28963.png> <./image
s/28964.png> <./images/28965.png> <./images/28966.png> <./images/28967.png> <./
images/28968.png> <./images/28969.png> <./images/28970.png> <./images/28971.png
> <./images/28972.png> <./images/28973.png> <./images/28974.png> <./images/2897
5.png> <./images/28957.png> <./images/28952.png> <./images/28953.png> <./images
/28954.png> <./images/28955.png> <./images/28956.png> <./images/28951.png> <./i
mages/28945.png> <./images/28946.png> <./images/28947.png> <./images/28948.png>
 <./images/28949.png> <./images/28950.png> <./images/29134.png> <./images/29135
.png> <./images/29136.png> <./images/29137.png> <./images/29138.png> <./images/
29133.png> <./images/29132.png> <./images/29131.png> <./images/29125.png> <./im
ages/29126.png> <./images/29127.png> <./images/29128.png> <./images/29129.png> 
<./images/29130.png> <./images/29124.png> <./images/29119.png> <./images/29120.
png> <./images/29121.png> <./images/29122.png> <./images/29123.png> <./images/2
9118.png> <./images/29112.png> <./images/29113.png> <./images/29114.png> <./ima
ges/29115.png> <./images/29116.png> <./images/29117.png>] (./a.aux
(./table.aux)) ) 
Here is how much of TeX's memory you used:
 13151 strings out of 495061
 272485 string characters out of 1182621
 386573 words of memory out of 3000000
 16011 multiletter control sequences out of 15000+50000
 3640 words of font info for 14 fonts, out of 3000000 for 9000
 28 hyphenation exceptions out of 8191
 56i,14n,56p,429b,841s stack positions out of 5000i,500n,10000p,200000b,50000s

Output written on a.pdf (1 page, 389978 bytes).
PDF statistics:
 226 PDF objects out of 1000 (max. 8388607)
 0 named destinations out of 1000 (max. 500000)
 553 words of extra memory for PDF output out of 10000 (max. 10000000)

