This is pdfTeX, Version 3.1415926-1.40.10 (TeX Live 2009/Debian) (format=pdflatex 2013.7.19)  19 JUL 2013 19:45
entering extended mode
 %&-line parsing enabled.
**a3
(./a3.tex
LaTeX2e <2009/09/24>
Babel <v3.8l> and hyphenation patterns for english, usenglishmax, dumylang, noh
yphenation, loaded.
(/usr/share/texmf-texlive/tex/latex/base/article.cls
Document Class: article 2007/10/19 v1.4h Standard LaTeX document class
(/usr/share/texmf-texlive/tex/latex/base/size10.clo
File: size10.clo 2007/10/19 v1.4h Standard LaTeX file (size option)
)
\c@part=\count79
\c@section=\count80
\c@subsection=\count81
\c@subsubsection=\count82
\c@paragraph=\count83
\c@subparagraph=\count84
\c@figure=\count85
\c@table=\count86
\abovecaptionskip=\skip41
\belowcaptionskip=\skip42
\bibindent=\dimen102
)
(/usr/share/texmf/tex/latex/pgf/frontendlayer/tikz.sty
(/usr/share/texmf/tex/latex/pgf/basiclayer/pgf.sty
(/usr/share/texmf/tex/latex/pgf/utilities/pgfrcs.sty
(/usr/share/texmf/tex/generic/pgf/utilities/pgfutil-common.tex
\pgfutil@everybye=\toks14
)
(/usr/share/texmf/tex/generic/pgf/utilities/pgfutil-latex.def
\pgfutil@abb=\box26

(/usr/share/texmf-texlive/tex/latex/ms/everyshi.sty
Package: everyshi 2001/05/15 v3.00 EveryShipout Package (MS)
))
(/usr/share/texmf/tex/generic/pgf/utilities/pgfrcs.code.tex
Package: pgfrcs 2010/10/25 v2.10 (rcs-revision 1.24)
))
Package: pgf 2008/01/15 v2.10 (rcs-revision 1.12)

(/usr/share/texmf/tex/latex/pgf/basiclayer/pgfcore.sty
(/usr/share/texmf-texlive/tex/latex/graphics/graphicx.sty
Package: graphicx 1999/02/16 v1.0f Enhanced LaTeX Graphics (DPC,SPQR)

(/usr/share/texmf-texlive/tex/latex/graphics/keyval.sty
Package: keyval 1999/03/16 v1.13 key=value parser (DPC)
\KV@toks@=\toks15
)
(/usr/share/texmf-texlive/tex/latex/graphics/graphics.sty
Package: graphics 2009/02/05 v1.0o Standard LaTeX Graphics (DPC,SPQR)

(/usr/share/texmf-texlive/tex/latex/graphics/trig.sty
Package: trig 1999/03/16 v1.09 sin cos tan (DPC)
)
(/etc/texmf/tex/latex/config/graphics.cfg
File: graphics.cfg 2009/08/28 v1.8 graphics configuration of TeX Live
)
Package graphics Info: Driver file: pdftex.def on input line 91.

(/usr/share/texmf-texlive/tex/latex/pdftex-def/pdftex.def
File: pdftex.def 2010/03/12 v0.04p Graphics/color for pdfTeX
\Gread@gobject=\count87
))
\Gin@req@height=\dimen103
\Gin@req@width=\dimen104
)
(/usr/share/texmf/tex/latex/pgf/systemlayer/pgfsys.sty
(/usr/share/texmf/tex/generic/pgf/systemlayer/pgfsys.code.tex
Package: pgfsys 2010/06/30 v2.10 (rcs-revision 1.37)

(/usr/share/texmf/tex/generic/pgf/utilities/pgfkeys.code.tex
\pgfkeys@pathtoks=\toks16
\pgfkeys@temptoks=\toks17

(/usr/share/texmf/tex/generic/pgf/utilities/pgfkeysfiltered.code.tex
\pgfkeys@tmptoks=\toks18
))
\pgf@x=\dimen105
\pgf@y=\dimen106
\pgf@xa=\dimen107
\pgf@ya=\dimen108
\pgf@xb=\dimen109
\pgf@yb=\dimen110
\pgf@xc=\dimen111
\pgf@yc=\dimen112
\w@pgf@writea=\write3
\r@pgf@reada=\read1
\c@pgf@counta=\count88
\c@pgf@countb=\count89
\c@pgf@countc=\count90
\c@pgf@countd=\count91

(/usr/share/texmf/tex/generic/pgf/systemlayer/pgf.cfg
File: pgf.cfg 2008/05/14  (rcs-revision 1.7)
)
Package pgfsys Info: Driver file for pgf: pgfsys-pdftex.def on input line 900.

(/usr/share/texmf/tex/generic/pgf/systemlayer/pgfsys-pdftex.def
File: pgfsys-pdftex.def 2009/05/22  (rcs-revision 1.26)

(/usr/share/texmf/tex/generic/pgf/systemlayer/pgfsys-common-pdf.def
File: pgfsys-common-pdf.def 2008/05/19  (rcs-revision 1.10)
)))
(/usr/share/texmf/tex/generic/pgf/systemlayer/pgfsyssoftpath.code.tex
File: pgfsyssoftpath.code.tex 2008/07/18  (rcs-revision 1.7)
\pgfsyssoftpath@smallbuffer@items=\count92
\pgfsyssoftpath@bigbuffer@items=\count93
)
(/usr/share/texmf/tex/generic/pgf/systemlayer/pgfsysprotocol.code.tex
File: pgfsysprotocol.code.tex 2006/10/16  (rcs-revision 1.4)
))
(/usr/share/texmf/tex/latex/xcolor/xcolor.sty
Package: xcolor 2007/01/21 v2.11 LaTeX color extensions (UK)

(/etc/texmf/tex/latex/config/color.cfg
File: color.cfg 2007/01/18 v1.5 color configuration of teTeX/TeXLive
)
Package xcolor Info: Driver file: pdftex.def on input line 225.
Package xcolor Info: Model `cmy' substituted by `cmy0' on input line 1337.
Package xcolor Info: Model `hsb' substituted by `rgb' on input line 1341.
Package xcolor Info: Model `RGB' extended on input line 1353.
Package xcolor Info: Model `HTML' substituted by `rgb' on input line 1355.
Package xcolor Info: Model `Hsb' substituted by `hsb' on input line 1356.
Package xcolor Info: Model `tHsb' substituted by `hsb' on input line 1357.
Package xcolor Info: Model `HSB' substituted by `hsb' on input line 1358.
Package xcolor Info: Model `Gray' substituted by `gray' on input line 1359.
Package xcolor Info: Model `wave' substituted by `hsb' on input line 1360.
)
(/usr/share/texmf/tex/generic/pgf/basiclayer/pgfcore.code.tex
Package: pgfcore 2010/04/11 v2.10 (rcs-revision 1.7)

(/usr/share/texmf/tex/generic/pgf/math/pgfmath.code.tex
(/usr/share/texmf/tex/generic/pgf/math/pgfmathcalc.code.tex
(/usr/share/texmf/tex/generic/pgf/math/pgfmathutil.code.tex)
(/usr/share/texmf/tex/generic/pgf/math/pgfmathparser.code.tex
\pgfmath@dimen=\dimen113
\pgfmath@count=\count94
\pgfmath@box=\box27
\pgfmath@toks=\toks19
\pgfmath@stack@operand=\toks20
\pgfmath@stack@operation=\toks21
)
(/usr/share/texmf/tex/generic/pgf/math/pgfmathfunctions.code.tex
(/usr/share/texmf/tex/generic/pgf/math/pgfmathfunctions.basic.code.tex)
(/usr/share/texmf/tex/generic/pgf/math/pgfmathfunctions.trigonometric.code.tex)
(/usr/share/texmf/tex/generic/pgf/math/pgfmathfunctions.random.code.tex)
(/usr/share/texmf/tex/generic/pgf/math/pgfmathfunctions.comparison.code.tex)
(/usr/share/texmf/tex/generic/pgf/math/pgfmathfunctions.base.code.tex)
(/usr/share/texmf/tex/generic/pgf/math/pgfmathfunctions.round.code.tex)
(/usr/share/texmf/tex/generic/pgf/math/pgfmathfunctions.misc.code.tex)))
(/usr/share/texmf/tex/generic/pgf/math/pgfmathfloat.code.tex
\c@pgfmathroundto@lastzeros=\count95
))
(/usr/share/texmf/tex/generic/pgf/basiclayer/pgfcorepoints.code.tex
File: pgfcorepoints.code.tex 2010/04/09  (rcs-revision 1.20)
\pgf@picminx=\dimen114
\pgf@picmaxx=\dimen115
\pgf@picminy=\dimen116
\pgf@picmaxy=\dimen117
\pgf@pathminx=\dimen118
\pgf@pathmaxx=\dimen119
\pgf@pathminy=\dimen120
\pgf@pathmaxy=\dimen121
\pgf@xx=\dimen122
\pgf@xy=\dimen123
\pgf@yx=\dimen124
\pgf@yy=\dimen125
\pgf@zx=\dimen126
\pgf@zy=\dimen127
)
(/usr/share/texmf/tex/generic/pgf/basiclayer/pgfcorepathconstruct.code.tex
File: pgfcorepathconstruct.code.tex 2010/08/03  (rcs-revision 1.24)
\pgf@path@lastx=\dimen128
\pgf@path@lasty=\dimen129
)
(/usr/share/texmf/tex/generic/pgf/basiclayer/pgfcorepathusage.code.tex
File: pgfcorepathusage.code.tex 2008/04/22  (rcs-revision 1.12)
\pgf@shorten@end@additional=\dimen130
\pgf@shorten@start@additional=\dimen131
)
(/usr/share/texmf/tex/generic/pgf/basiclayer/pgfcorescopes.code.tex
File: pgfcorescopes.code.tex 2010/09/08  (rcs-revision 1.34)
\pgfpic=\box28
\pgf@hbox=\box29
\pgf@layerbox@main=\box30
\pgf@picture@serial@count=\count96
)
(/usr/share/texmf/tex/generic/pgf/basiclayer/pgfcoregraphicstate.code.tex
File: pgfcoregraphicstate.code.tex 2008/04/22  (rcs-revision 1.9)
\pgflinewidth=\dimen132
)
(/usr/share/texmf/tex/generic/pgf/basiclayer/pgfcoretransformations.code.tex
File: pgfcoretransformations.code.tex 2009/06/10  (rcs-revision 1.11)
\pgf@pt@x=\dimen133
\pgf@pt@y=\dimen134
\pgf@pt@temp=\dimen135
)
(/usr/share/texmf/tex/generic/pgf/basiclayer/pgfcorequick.code.tex
File: pgfcorequick.code.tex 2008/10/09  (rcs-revision 1.3)
)
(/usr/share/texmf/tex/generic/pgf/basiclayer/pgfcoreobjects.code.tex
File: pgfcoreobjects.code.tex 2006/10/11  (rcs-revision 1.2)
)
(/usr/share/texmf/tex/generic/pgf/basiclayer/pgfcorepathprocessing.code.tex
File: pgfcorepathprocessing.code.tex 2008/10/09  (rcs-revision 1.8)
)
(/usr/share/texmf/tex/generic/pgf/basiclayer/pgfcorearrows.code.tex
File: pgfcorearrows.code.tex 2008/04/23  (rcs-revision 1.11)
)
(/usr/share/texmf/tex/generic/pgf/basiclayer/pgfcoreshade.code.tex
File: pgfcoreshade.code.tex 2008/11/23  (rcs-revision 1.13)
\pgf@max=\dimen136
\pgf@sys@shading@range@num=\count97
)
(/usr/share/texmf/tex/generic/pgf/basiclayer/pgfcoreimage.code.tex
File: pgfcoreimage.code.tex 2010/03/25  (rcs-revision 1.16)

(/usr/share/texmf/tex/generic/pgf/basiclayer/pgfcoreexternal.code.tex
File: pgfcoreexternal.code.tex 2010/09/01  (rcs-revision 1.17)
\pgfexternal@startupbox=\box31
))
(/usr/share/texmf/tex/generic/pgf/basiclayer/pgfcorelayers.code.tex
File: pgfcorelayers.code.tex 2010/08/27  (rcs-revision 1.2)
)
(/usr/share/texmf/tex/generic/pgf/basiclayer/pgfcoretransparency.code.tex
File: pgfcoretransparency.code.tex 2008/01/17  (rcs-revision 1.2)
)
(/usr/share/texmf/tex/generic/pgf/basiclayer/pgfcorepatterns.code.tex
File: pgfcorepatterns.code.tex 2009/07/02  (rcs-revision 1.3)
)))
(/usr/share/texmf/tex/generic/pgf/modules/pgfmoduleshapes.code.tex
File: pgfmoduleshapes.code.tex 2010/09/09  (rcs-revision 1.13)
\pgfnodeparttextbox=\box32
)
(/usr/share/texmf/tex/generic/pgf/modules/pgfmoduleplot.code.tex
File: pgfmoduleplot.code.tex 2010/10/22  (rcs-revision 1.8)
)
(/usr/share/texmf/tex/latex/pgf/compatibility/pgfcomp-version-0-65.sty
Package: pgfcomp-version-0-65 2007/07/03 v2.10 (rcs-revision 1.7)
\pgf@nodesepstart=\dimen137
\pgf@nodesepend=\dimen138
)
(/usr/share/texmf/tex/latex/pgf/compatibility/pgfcomp-version-1-18.sty
Package: pgfcomp-version-1-18 2007/07/23 v2.10 (rcs-revision 1.1)
))
(/usr/share/texmf/tex/latex/pgf/utilities/pgffor.sty
(/usr/share/texmf/tex/latex/pgf/utilities/pgfkeys.sty
(/usr/share/texmf/tex/generic/pgf/utilities/pgfkeys.code.tex))
(/usr/share/texmf/tex/generic/pgf/utilities/pgffor.code.tex
Package: pgffor 2010/03/23 v2.10 (rcs-revision 1.18)
\pgffor@iter=\dimen139
\pgffor@skip=\dimen140
\pgffor@stack=\toks22
\pgffor@toks=\toks23
))
(/usr/share/texmf/tex/generic/pgf/frontendlayer/tikz/tikz.code.tex
Package: tikz 2010/10/13 v2.10 (rcs-revision 1.76)

(/usr/share/texmf/tex/generic/pgf/libraries/pgflibraryplothandlers.code.tex
File: pgflibraryplothandlers.code.tex 2010/05/31 v2.10 (rcs-revision 1.15)
\pgf@plot@mark@count=\count98
\pgfplotmarksize=\dimen141
)
\tikz@lastx=\dimen142
\tikz@lasty=\dimen143
\tikz@lastxsaved=\dimen144
\tikz@lastysaved=\dimen145
\tikzleveldistance=\dimen146
\tikzsiblingdistance=\dimen147
\tikz@figbox=\box33
\tikz@tempbox=\box34
\tikztreelevel=\count99
\tikznumberofchildren=\count100
\tikznumberofcurrentchild=\count101
\tikz@fig@count=\count102

(/usr/share/texmf/tex/generic/pgf/modules/pgfmodulematrix.code.tex
File: pgfmodulematrix.code.tex 2010/08/24  (rcs-revision 1.4)
\pgfmatrixcurrentrow=\count103
\pgfmatrixcurrentcolumn=\count104
\pgf@matrix@numberofcolumns=\count105
)
\tikz@expandcount=\count106

(/usr/share/texmf/tex/generic/pgf/frontendlayer/tikz/libraries/tikzlibrarytopat
hs.code.tex
File: tikzlibrarytopaths.code.tex 2008/06/17 v2.10 (rcs-revision 1.2)
)))
(/usr/share/texmf/tex/generic/pgf/frontendlayer/tikz/libraries/tikzlibraryshape
s.code.tex
File: tikzlibraryshapes.code.tex 2008/01/09 v2.10 (rcs-revision 1.1)

(/usr/share/texmf/tex/generic/pgf/frontendlayer/tikz/libraries/tikzlibraryshape
s.geometric.code.tex
File: tikzlibraryshapes.geometric.code.tex 2008/01/09 v2.10 (rcs-revision 1.1)

(/usr/share/texmf/tex/generic/pgf/libraries/shapes/pgflibraryshapes.geometric.c
ode.tex
File: pgflibraryshapes.geometric.code.tex 2008/06/26 v2.10 (rcs-revision 1.1)
))
(/usr/share/texmf/tex/generic/pgf/frontendlayer/tikz/libraries/tikzlibraryshape
s.misc.code.tex
File: tikzlibraryshapes.misc.code.tex 2008/01/09 v2.10 (rcs-revision 1.1)

(/usr/share/texmf/tex/generic/pgf/libraries/shapes/pgflibraryshapes.misc.code.t
ex
File: pgflibraryshapes.misc.code.tex 2008/10/07 v2.10 (rcs-revision 1.3)
))
(/usr/share/texmf/tex/generic/pgf/frontendlayer/tikz/libraries/tikzlibraryshape
s.symbols.code.tex
File: tikzlibraryshapes.symbols.code.tex 2008/01/09 v2.10 (rcs-revision 1.1)

(/usr/share/texmf/tex/generic/pgf/libraries/shapes/pgflibraryshapes.symbols.cod
e.tex
File: pgflibraryshapes.symbols.code.tex 2009/10/27 v2.10 (rcs-revision 1.3)
))
(/usr/share/texmf/tex/generic/pgf/frontendlayer/tikz/libraries/tikzlibraryshape
s.arrows.code.tex
File: tikzlibraryshapes.arrows.code.tex 2008/01/09 v2.10 (rcs-revision 1.1)

(/usr/share/texmf/tex/generic/pgf/libraries/shapes/pgflibraryshapes.arrows.code
.tex
File: pgflibraryshapes.arrows.code.tex 2008/06/26 v2.10 (rcs-revision 1.1)
))
(/usr/share/texmf/tex/generic/pgf/frontendlayer/tikz/libraries/tikzlibraryshape
s.callouts.code.tex
(/usr/share/texmf/tex/generic/pgf/libraries/shapes/pgflibraryshapes.callouts.co
de.tex))
(/usr/share/texmf/tex/generic/pgf/frontendlayer/tikz/libraries/tikzlibraryshape
s.multipart.code.tex
File: tikzlibraryshapes.multipart.code.tex 2008/01/09 v2.10 (rcs-revision 1.1)

(/usr/share/texmf/tex/generic/pgf/libraries/shapes/pgflibraryshapes.multipart.c
ode.tex
File: pgflibraryshapes.multipart.code.tex 2010/01/07 v2.10 (rcs-revision 1.2)
\pgfnodepartlowerbox=\box35
\pgfnodeparttwobox=\box36
\pgfnodepartthreebox=\box37
\pgfnodepartfourbox=\box38
\pgfnodeparttwentybox=\box39
\pgfnodepartnineteenbox=\box40
\pgfnodeparteighteenbox=\box41
\pgfnodepartseventeenbox=\box42
\pgfnodepartsixteenbox=\box43
\pgfnodepartfifteenbox=\box44
\pgfnodepartfourteenbox=\box45
\pgfnodepartthirteenbox=\box46
\pgfnodeparttwelvebox=\box47
\pgfnodepartelevenbox=\box48
\pgfnodeparttenbox=\box49
\pgfnodepartninebox=\box50
\pgfnodeparteightbox=\box51
\pgfnodepartsevenbox=\box52
\pgfnodepartsixbox=\box53
\pgfnodepartfivebox=\box54
)))
(/usr/share/texmf/tex/generic/pgf/frontendlayer/tikz/libraries/tikzlibraryarrow
s.code.tex
File: tikzlibraryarrows.code.tex 2008/01/09 v2.10 (rcs-revision 1.1)

(/usr/share/texmf/tex/generic/pgf/libraries/pgflibraryarrows.code.tex
File: pgflibraryarrows.code.tex 2008/10/27 v2.10 (rcs-revision 1.9)
\arrowsize=\dimen148
))
No file a3.aux.
\openout1 = `a3.aux'.

LaTeX Font Info:    Checking defaults for OML/cmm/m/it on input line 9.
LaTeX Font Info:    ... okay on input line 9.
LaTeX Font Info:    Checking defaults for T1/cmr/m/n on input line 9.
LaTeX Font Info:    ... okay on input line 9.
LaTeX Font Info:    Checking defaults for OT1/cmr/m/n on input line 9.
LaTeX Font Info:    ... okay on input line 9.
LaTeX Font Info:    Checking defaults for OMS/cmsy/m/n on input line 9.
LaTeX Font Info:    ... okay on input line 9.
LaTeX Font Info:    Checking defaults for OMX/cmex/m/n on input line 9.
LaTeX Font Info:    ... okay on input line 9.
LaTeX Font Info:    Checking defaults for U/cmr/m/n on input line 9.
LaTeX Font Info:    ... okay on input line 9.
ABD: EveryShipout initializing macros
(/usr/share/texmf-texlive/tex/context/base/supp-pdf.mkii
[Loading MPS to PDF converter (version 2006.09.02).]
\scratchcounter=\count107
\scratchdimen=\dimen149
\scratchbox=\box55
\nofMPsegments=\count108
\nofMParguments=\count109
\everyMPshowfont=\toks24
\MPscratchCnt=\count110
\MPscratchDim=\dimen150
\MPnumerator=\count111
\everyMPtoPDFconversion=\toks25
)
\openout2 = `table3.aux'.

 (./table3.tex <images/29048.png, id=4, 116.435pt x 79.29625pt>
File: images/29048.png Graphic file (type png)

<use images/29048.png> <images/29049.png, id=6, 88.33pt x 87.32625pt>
File: images/29049.png Graphic file (type png)

<use images/29049.png> <images/29050.png, id=7, 112.42pt x 79.29625pt>
File: images/29050.png Graphic file (type png)

<use images/29050.png> <images/29051.png, id=8, 165.61874pt x 86.3225pt>
File: images/29051.png Graphic file (type png)

<use images/29051.png> <images/29052.png, id=9, 34.1275pt x 78.2925pt>
File: images/29052.png Graphic file (type png)

<use images/29052.png> <images/29053.png, id=10, 88.33pt x 90.3375pt>
File: images/29053.png Graphic file (type png)

<use images/29053.png> <images/29054.png, id=11, 88.33pt x 66.2475pt>
File: images/29054.png Graphic file (type png)

<use images/29054.png> <images/29055.png, id=12, 94.3525pt x 83.31125pt>
File: images/29055.png Graphic file (type png)

<use images/29055.png> <images/29056.png, id=13, 114.4275pt x 81.30376pt>
File: images/29056.png Graphic file (type png)

<use images/29056.png> <images/29057.png, id=14, 88.33pt x 71.26625pt>
File: images/29057.png Graphic file (type png)

<use images/29057.png> <images/29058.png, id=15, 48.18pt x 78.2925pt>
File: images/29058.png Graphic file (type png)

<use images/29058.png> <images/29059.png, id=16, 88.33pt x 86.3225pt>
File: images/29059.png Graphic file (type png)

<use images/29059.png> <images/29060.png, id=17, 111.41624pt x 85.31876pt>
File: images/29060.png Graphic file (type png)

<use images/29060.png> <images/29061.png, id=18, 165.61874pt x 83.31125pt>
File: images/29061.png Graphic file (type png)

<use images/29061.png> <images/29062.png, id=19, 44.165pt x 77.28876pt>
File: images/29062.png Graphic file (type png)

<use images/29062.png> <images/29063.png, id=20, 38.1425pt x 79.29625pt>
File: images/29063.png Graphic file (type png)

<use images/29063.png> <images/29064.png, id=21, 88.33pt x 71.26625pt>
File: images/29064.png Graphic file (type png)

<use images/29064.png> <images/29065.png, id=22, 37.13875pt x 82.3075pt>
File: images/29065.png Graphic file (type png)

<use images/29065.png> <images/29066.png, id=23, 37.13875pt x 85.31876pt>
File: images/29066.png Graphic file (type png)

<use images/29066.png> <images/29067.png, id=24, 43.16125pt x 80.3pt>
File: images/29067.png Graphic file (type png)

<use images/29067.png> <images/29068.png, id=25, 69.25874pt x 92.345pt>
File: images/29068.png Graphic file (type png)

<use images/29068.png> <images/29069.png, id=26, 83.31125pt x 82.3075pt>
File: images/29069.png Graphic file (type png)

<use images/29069.png> <images/29070.png, id=27, 41.15375pt x 89.33376pt>
File: images/29070.png Graphic file (type png)

<use images/29070.png> <images/29071.png, id=28, 88.33pt x 86.3225pt>
File: images/29071.png Graphic file (type png)

<use images/29071.png> <images/29072.png, id=29, 88.33pt x 79.29625pt>
File: images/29072.png Graphic file (type png)

<use images/29072.png> <images/29073.png, id=30, 51.19125pt x 81.30376pt>
File: images/29073.png Graphic file (type png)

<use images/29073.png> <images/29074.png, id=31, 107.40125pt x 92.345pt>
File: images/29074.png Graphic file (type png)

<use images/29074.png> <images/29075.png, id=32, 88.33pt x 90.3375pt>
File: images/29075.png Graphic file (type png)

<use images/29075.png> <images/29076.png, id=33, 113.42375pt x 79.29625pt>
File: images/29076.png Graphic file (type png)

<use images/29076.png> <images/29077.png, id=34, 63.23625pt x 76.285pt>
File: images/29077.png Graphic file (type png)

<use images/29077.png> <images/29078.png, id=35, 88.33pt x 81.30376pt>
File: images/29078.png Graphic file (type png)

<use images/29078.png> <images/29079.png, id=36, 238.8925pt x 85.31876pt>
File: images/29079.png Graphic file (type png)

<use images/29079.png> <images/29080.png, id=37, 32.12pt x 70.2625pt>
File: images/29080.png Graphic file (type png)

<use images/29080.png> <images/29081.png, id=38, 69.25874pt x 80.3pt>
File: images/29081.png Graphic file (type png)

<use images/29081.png> <images/29082.png, id=39, 64.24pt x 77.28876pt>
File: images/29082.png Graphic file (type png)

<use images/29082.png> <images/29083.png, id=40, 111.41624pt x 81.30376pt>
File: images/29083.png Graphic file (type png)

<use images/29083.png> <images/29084.png, id=41, 37.13875pt x 80.3pt>
File: images/29084.png Graphic file (type png)

<use images/29084.png> <images/29085.png, id=42, 88.33pt x 83.31125pt>
File: images/29085.png Graphic file (type png)

<use images/29085.png> <images/29086.png, id=43, 64.24pt x 80.3pt>
File: images/29086.png Graphic file (type png)

<use images/29086.png> <images/29087.png, id=44, 88.33pt x 76.285pt>
File: images/29087.png Graphic file (type png)

<use images/29087.png> <images/29088.png, id=45, 161.60374pt x 83.31125pt>
File: images/29088.png Graphic file (type png)

<use images/29088.png> <images/29089.png, id=46, 88.33pt x 80.3pt>
File: images/29089.png Graphic file (type png)

<use images/29089.png> <images/29090.png, id=47, 161.60374pt x 83.31125pt>
File: images/29090.png Graphic file (type png)

<use images/29090.png> <images/29091.png, id=48, 38.1425pt x 85.31876pt>
File: images/29091.png Graphic file (type png)

<use images/29091.png> <images/29092.png, id=49, 37.13875pt x 85.31876pt>
File: images/29092.png Graphic file (type png)

<use images/29092.png> <images/29093.png, id=50, 55.20625pt x 77.28876pt>
File: images/29093.png Graphic file (type png)

<use images/29093.png> <images/29094.png, id=51, 56.21pt x 74.2775pt>
File: images/29094.png Graphic file (type png)

<use images/29094.png> <images/29095.png, id=52, 161.60374pt x 90.3375pt>
File: images/29095.png Graphic file (type png)

<use images/29095.png> <images/29096.png, id=53, 22.0825pt x 72.27pt>
File: images/29096.png Graphic file (type png)

<use images/29096.png> <images/29097.png, id=54, 44.165pt x 86.3225pt>
File: images/29097.png Graphic file (type png)

<use images/29097.png> <images/29098.png, id=55, 60.225pt x 87.32625pt>
File: images/29098.png Graphic file (type png)

<use images/29098.png> <images/29099.png, id=56, 44.165pt x 83.31125pt>
File: images/29099.png Graphic file (type png)

<use images/29099.png> <images/29100.png, id=57, 84.315pt x 72.27pt>
File: images/29100.png Graphic file (type png)

<use images/29100.png> <images/29101.png, id=58, 67.25125pt x 81.30376pt>
File: images/29101.png Graphic file (type png)

<use images/29101.png> <images/29102.png, id=59, 32.12pt x 86.3225pt>
File: images/29102.png Graphic file (type png)

<use images/29102.png> <images/29103.png, id=60, 38.1425pt x 79.29625pt>
File: images/29103.png Graphic file (type png)

<use images/29103.png> <images/29104.png, id=61, 43.16125pt x 75.28125pt>
File: images/29104.png Graphic file (type png)

<use images/29104.png> <images/29105.png, id=62, 88.33pt x 83.31125pt>
File: images/29105.png Graphic file (type png)

<use images/29105.png> <images/29106.png, id=63, 88.33pt x 83.31125pt>
File: images/29106.png Graphic file (type png)

<use images/29106.png> <images/29107.png, id=64, 30.1125pt x 86.3225pt>
File: images/29107.png Graphic file (type png)

<use images/29107.png> <images/29108.png, id=65, 44.165pt x 80.3pt>
File: images/29108.png Graphic file (type png)

<use images/29108.png> <images/29109.png, id=66, 61.22874pt x 80.3pt>
File: images/29109.png Graphic file (type png)

<use images/29109.png> <images/29110.png, id=67, 38.1425pt x 78.2925pt>
File: images/29110.png Graphic file (type png)

<use images/29110.png> <images/29111.png, id=68, 45.16875pt x 81.30376pt>
File: images/29111.png Graphic file (type png)

<use images/29111.png> <images/29332.png, id=69, 89.33376pt x 81.30376pt>
File: images/29332.png Graphic file (type png)

<use images/29332.png> <images/29333.png, id=70, 66.2475pt x 85.31876pt>
File: images/29333.png Graphic file (type png)

<use images/29333.png> <images/29334.png, id=71, 37.13875pt x 73.27374pt>
File: images/29334.png Graphic file (type png)

<use images/29334.png> <images/29335.png, id=72, 47.17625pt x 86.3225pt>
File: images/29335.png Graphic file (type png)

<use images/29335.png> <images/29336.png, id=73, 114.4275pt x 83.31125pt>
File: images/29336.png Graphic file (type png)

<use images/29336.png> <images/29337.png, id=74, 49.18375pt x 79.29625pt>
File: images/29337.png Graphic file (type png)

<use images/29337.png> <images/29338.png, id=75, 41.15375pt x 89.33376pt>
File: images/29338.png Graphic file (type png)

<use images/29338.png> <images/29339.png, id=76, 38.1425pt x 85.31876pt>
File: images/29339.png Graphic file (type png)

<use images/29339.png> <images/29340.png, id=77, 88.33pt x 78.2925pt>
File: images/29340.png Graphic file (type png)

<use images/29340.png> <images/29341.png, id=78, 187.70125pt x 83.31125pt>
File: images/29341.png Graphic file (type png)

<use images/29341.png> <images/29342.png, id=79, 88.33pt x 90.3375pt>
File: images/29342.png Graphic file (type png)

<use images/29342.png> <images/29343.png, id=80, 69.25874pt x 80.3pt>
File: images/29343.png Graphic file (type png)

<use images/29343.png> <images/29344.png, id=81, 47.17625pt x 80.3pt>
File: images/29344.png Graphic file (type png)

<use images/29344.png> <images/29345.png, id=82, 68.255pt x 76.285pt>
File: images/29345.png Graphic file (type png)

<use images/29345.png> <images/29346.png, id=83, 83.31125pt x 82.3075pt>
File: images/29346.png Graphic file (type png)

<use images/29346.png> <images/29347.png, id=84, 69.25874pt x 89.33376pt>
File: images/29347.png Graphic file (type png)

<use images/29347.png> <images/29348.png, id=85, 88.33pt x 85.31876pt>
File: images/29348.png Graphic file (type png)

<use images/29348.png> <images/29349.png, id=86, 49.18375pt x 86.3225pt>
File: images/29349.png Graphic file (type png)

<use images/29349.png> <images/29350.png, id=87, 43.16125pt x 89.33376pt>
File: images/29350.png Graphic file (type png)

<use images/29350.png> <images/29351.png, id=88, 88.33pt x 76.285pt>
File: images/29351.png Graphic file (type png)

<use images/29351.png> <images/29352.png, id=89, 85.31876pt x 77.28876pt>
File: images/29352.png Graphic file (type png)

<use images/29352.png> <images/29353.png, id=90, 88.33pt x 76.285pt>
File: images/29353.png Graphic file (type png)

<use images/29353.png> <images/29354.png, id=91, 52.195pt x 79.29625pt>
File: images/29354.png Graphic file (type png)

<use images/29354.png> <images/29355.png, id=92, 85.31876pt x 79.29625pt>
File: images/29355.png Graphic file (type png)

<use images/29355.png> <images/29356.png, id=93, 40.15pt x 86.3225pt>
File: images/29356.png Graphic file (type png)

<use images/29356.png> <images/29357.png, id=94, 39.14626pt x 77.28876pt>
File: images/29357.png Graphic file (type png)

<use images/29357.png> <images/29358.png, id=95, 80.3pt x 78.2925pt>
File: images/29358.png Graphic file (type png)

<use images/29358.png> <images/29613.png, id=96, 35.13126pt x 78.2925pt>
File: images/29613.png Graphic file (type png)

<use images/29613.png> <images/29614.png, id=97, 152.57pt x 81.30376pt>
File: images/29614.png Graphic file (type png)

<use images/29614.png> <images/29615.png, id=98, 155.58125pt x 86.3225pt>
File: images/29615.png Graphic file (type png)

<use images/29615.png> <images/29616.png, id=99, 43.16125pt x 85.31876pt>
File: images/29616.png Graphic file (type png)

<use images/29616.png> <images/29617.png, id=100, 107.40125pt x 83.31125pt>
File: images/29617.png Graphic file (type png)

<use images/29617.png> <images/29618.png, id=101, 32.12pt x 70.2625pt>
File: images/29618.png Graphic file (type png)

<use images/29618.png> <images/29619.png, id=102, 32.12pt x 80.3pt>
File: images/29619.png Graphic file (type png)

<use images/29619.png> <images/29620.png, id=103, 238.8925pt x 83.31125pt>
File: images/29620.png Graphic file (type png)

<use images/29620.png> <images/29621.png, id=104, 113.42375pt x 90.3375pt>
File: images/29621.png Graphic file (type png)

<use images/29621.png> <images/29622.png, id=105, 68.255pt x 80.3pt>
File: images/29622.png Graphic file (type png)

<use images/29622.png> <images/29623.png, id=106, 38.1425pt x 79.29625pt>
File: images/29623.png Graphic file (type png)

<use images/29623.png> <images/29624.png, id=107, 88.33pt x 71.26625pt>
File: images/29624.png Graphic file (type png)

<use images/29624.png> <images/29625.png, id=108, 71.26625pt x 74.2775pt>
File: images/29625.png Graphic file (type png)

<use images/29625.png> <images/29626.png, id=109, 88.33pt x 85.31876pt>
File: images/29626.png Graphic file (type png)

<use images/29626.png> <images/29627.png, id=110, 67.25125pt x 90.3375pt>
File: images/29627.png Graphic file (type png)

<use images/29627.png> <images/29628.png, id=111, 225.84375pt x 81.30376pt>
File: images/29628.png Graphic file (type png)

<use images/29628.png> <images/29629.png, id=112, 88.33pt x 85.31876pt>
File: images/29629.png Graphic file (type png)

<use images/29629.png> <images/29630.png, id=113, 37.13875pt x 82.3075pt>
File: images/29630.png Graphic file (type png)

<use images/29630.png> <images/29631.png, id=114, 132.495pt x 86.3225pt>
File: images/29631.png Graphic file (type png)

<use images/29631.png> <images/29632.png, id=115, 114.4275pt x 76.285pt>
File: images/29632.png Graphic file (type png)

<use images/29632.png> <images/29633.png, id=116, 54.2025pt x 90.3375pt>
File: images/29633.png Graphic file (type png)

<use images/29633.png> <images/29634.png, id=117, 59.22125pt x 80.3pt>
File: images/29634.png Graphic file (type png)

<use images/29634.png> <images/29635.png, id=118, 88.33pt x 80.3pt>
File: images/29635.png Graphic file (type png)

<use images/29635.png> <images/29636.png, id=119, 34.1275pt x 71.26625pt>
File: images/29636.png Graphic file (type png)

<use images/29636.png> <images/29637.png, id=120, 88.33pt x 85.31876pt>
File: images/29637.png Graphic file (type png)

<use images/29637.png> <images/29638.png, id=121, 69.25874pt x 80.3pt>
File: images/29638.png Graphic file (type png)

<use images/29638.png> <images/29639.png, id=122, 88.33pt x 77.28876pt>
File: images/29639.png Graphic file (type png)

<use images/29639.png> <images/29640.png, id=123, 107.40125pt x 72.27pt>
File: images/29640.png Graphic file (type png)

<use images/29640.png> <images/29641.png, id=124, 50.1875pt x 82.3075pt>
File: images/29641.png Graphic file (type png)

<use images/29641.png> <images/29642.png, id=125, 62.2325pt x 90.3375pt>
File: images/29642.png Graphic file (type png)

<use images/29642.png> <images/29643.png, id=126, 161.60374pt x 83.31125pt>
File: images/29643.png Graphic file (type png)

<use images/29643.png> <images/29644.png, id=127, 114.4275pt x 76.285pt>
File: images/29644.png Graphic file (type png)

<use images/29644.png> <images/29645.png, id=128, 113.42375pt x 83.31125pt>
File: images/29645.png Graphic file (type png)

<use images/29645.png> <images/29646.png, id=129, 62.2325pt x 77.28876pt>
File: images/29646.png Graphic file (type png)

<use images/29646.png> <images/29647.png, id=130, 83.31125pt x 82.3075pt>
File: images/29647.png Graphic file (type png)

<use images/29647.png> <images/29648.png, id=131, 41.15375pt x 89.33376pt>
File: images/29648.png Graphic file (type png)

<use images/29648.png> <images/29649.png, id=132, 88.33pt x 86.3225pt>
File: images/29649.png Graphic file (type png)

<use images/29649.png> <images/29650.png, id=133, 88.33pt x 79.29625pt>
File: images/29650.png Graphic file (type png)

<use images/29650.png> <images/29651.png, id=134, 59.22125pt x 81.30376pt>
File: images/29651.png Graphic file (type png)

<use images/29651.png> <images/29652.png, id=135, 107.40125pt x 92.345pt>
File: images/29652.png Graphic file (type png)

<use images/29652.png> <images/29653.png, id=136, 88.33pt x 90.3375pt>
File: images/29653.png Graphic file (type png)

<use images/29653.png> <images/29654.png, id=137, 113.42375pt x 79.29625pt>
File: images/29654.png Graphic file (type png)

<use images/29654.png> <images/29655.png, id=138, 63.23625pt x 76.285pt>
File: images/29655.png Graphic file (type png)

<use images/29655.png> <images/29656.png, id=139, 88.33pt x 81.30376pt>
File: images/29656.png Graphic file (type png)

<use images/29656.png> <images/29657.png, id=140, 90.3375pt x 86.3225pt>
File: images/29657.png Graphic file (type png)

<use images/29657.png> <images/29658.png, id=141, 58.2175pt x 91.34125pt>
File: images/29658.png Graphic file (type png)

<use images/29658.png> <images/29659.png, id=142, 88.33pt x 85.31876pt>
File: images/29659.png Graphic file (type png)

<use images/29659.png> <images/29660.png, id=143, 84.315pt x 85.31876pt>
File: images/29660.png Graphic file (type png)

<use images/29660.png> <images/29661.png, id=144, 152.57pt x 85.31876pt>
File: images/29661.png Graphic file (type png)

<use images/29661.png> <images/29662.png, id=145, 22.0825pt x 72.27pt>
File: images/29662.png Graphic file (type png)

<use images/29662.png> <images/29663.png, id=146, 88.33pt x 81.30376pt>
File: images/29663.png Graphic file (type png)

<use images/29663.png> <images/29664.png, id=147, 72.27pt x 81.30376pt>
File: images/29664.png Graphic file (type png)

<use images/29664.png> <images/29665.png, id=148, 74.2775pt x 85.31876pt>
File: images/29665.png Graphic file (type png)

<use images/29665.png> <images/29666.png, id=149, 37.13875pt x 87.32625pt>
File: images/29666.png Graphic file (type png)

<use images/29666.png> <images/29667.png, id=150, 88.33pt x 83.31125pt>
File: images/29667.png Graphic file (type png)

<use images/29667.png> <images/29668.png, id=151, 88.33pt x 79.29625pt>
File: images/29668.png Graphic file (type png)

<use images/29668.png> <images/29669.png, id=152, 30.1125pt x 86.3225pt>
File: images/29669.png Graphic file (type png)

<use images/29669.png> <images/29670.png, id=153, 44.165pt x 80.3pt>
File: images/29670.png Graphic file (type png)

<use images/29670.png> <images/29671.png, id=154, 71.26625pt x 80.3pt>
File: images/29671.png Graphic file (type png)

<use images/29671.png> <images/29672.png, id=155, 74.2775pt x 82.3075pt>
File: images/29672.png Graphic file (type png)

<use images/29672.png> <images/29673.png, id=156, 66.2475pt x 78.2925pt>
File: images/29673.png Graphic file (type png)

<use images/29673.png> <images/29674.png, id=157, 56.21pt x 80.3pt>
File: images/29674.png Graphic file (type png)

<use images/29674.png> <images/29675.png, id=158, 198.7425pt x 82.3075pt>
File: images/29675.png Graphic file (type png)

<use images/29675.png> <images/29676.png, id=159, 88.33pt x 86.3225pt>
File: images/29676.png Graphic file (type png)

<use images/29676.png> <images/29677.png, id=160, 62.2325pt x 75.28125pt>
File: images/29677.png Graphic file (type png)

<use images/29677.png> <images/29678.png, id=161, 125.46875pt x 81.30376pt>
File: images/29678.png Graphic file (type png)

<use images/29678.png> <images/29679.png, id=162, 85.31876pt x 95.35625pt>
File: images/29679.png Graphic file (type png)

<use images/29679.png> <images/29680.png, id=163, 49.18375pt x 81.30376pt>
File: images/29680.png Graphic file (type png)

<use images/29680.png>
Overfull \hbox (313.89642pt too wide) in paragraph at lines 193--194
[][] 
 []

) [1


{/var/lib/texmf/fonts/map/pdftex/updmap/pdftex.map}]
Overfull \vbox (6731.34471pt too high) has occurred while \output is active []


[2 <./images/29048.png> <./images/29049.png> <./images/29050.png> <./images/290
51.png> <./images/29052.png> <./images/29053.png> <./images/29054.png> <./image
s/29055.png> <./images/29056.png> <./images/29057.png> <./images/29058.png> <./
images/29059.png> <./images/29060.png> <./images/29061.png> <./images/29062.png
> <./images/29063.png> <./images/29064.png> <./images/29065.png> <./images/2906
6.png> <./images/29067.png> <./images/29068.png> <./images/29069.png> <./images
/29070.png> <./images/29071.png> <./images/29072.png> <./images/29073.png> <./i
mages/29074.png> <./images/29075.png> <./images/29076.png> <./images/29077.png>
 <./images/29078.png> <./images/29079.png> <./images/29080.png> <./images/29081
.png> <./images/29082.png> <./images/29083.png> <./images/29084.png> <./images/
29085.png> <./images/29086.png> <./images/29087.png> <./images/29088.png> <./im
ages/29089.png> <./images/29090.png> <./images/29091.png> <./images/29092.png> 
<./images/29093.png> <./images/29094.png> <./images/29095.png> <./images/29096.
png> <./images/29097.png> <./images/29098.png> <./images/29099.png> <./images/2
9100.png> <./images/29101.png> <./images/29102.png> <./images/29103.png> <./ima
ges/29104.png> <./images/29105.png> <./images/29106.png> <./images/29107.png> <
./images/29108.png> <./images/29109.png> <./images/29110.png> <./images/29111.p
ng> <./images/29332.png> <./images/29333.png> <./images/29334.png> <./images/29
335.png> <./images/29336.png> <./images/29337.png> <./images/29338.png> <./imag
es/29339.png> <./images/29340.png> <./images/29341.png> <./images/29342.png> <.
/images/29343.png> <./images/29344.png> <./images/29345.png> <./images/29346.pn
g> <./images/29347.png> <./images/29348.png> <./images/29349.png> <./images/293
50.png> <./images/29351.png> <./images/29352.png> <./images/29353.png> <./image
s/29354.png> <./images/29355.png> <./images/29356.png> <./images/29357.png> <./
images/29358.png> <./images/29613.png> <./images/29614.png> <./images/29615.png
> <./images/29616.png> <./images/29617.png> <./images/29618.png> <./images/2961
9.png> <./images/29620.png> <./images/29621.png> <./images/29622.png> <./images
/29623.png> <./images/29624.png> <./images/29625.png> <./images/29626.png> <./i
mages/29627.png> <./images/29628.png> <./images/29629.png> <./images/29630.png>
 <./images/29631.png> <./images/29632.png> <./images/29633.png> <./images/29634
.png> <./images/29635.png> <./images/29636.png> <./images/29637.png> <./images/
29638.png> <./images/29639.png> <./images/29640.png> <./images/29641.png> <./im
ages/29642.png> <./images/29643.png> <./images/29644.png> <./images/29645.png> 
<./images/29646.png> <./images/29647.png> <./images/29648.png> <./images/29649.
png> <./images/29650.png> <./images/29651.png> <./images/29652.png> <./images/2
9653.png> <./images/29654.png> <./images/29655.png> <./images/29656.png> <./ima
ges/29657.png> <./images/29658.png> <./images/29659.png> <./images/29660.png> <
./images/29661.png> <./images/29662.png> <./images/29663.png> <./images/29664.p
ng> <./images/29665.png> <./images/29666.png> <./images/29667.png> <./images/29
668.png> <./images/29669.png> <./images/29670.png> <./images/29671.png> <./imag
es/29672.png> <./images/29673.png> <./images/29674.png> <./images/29675.png> <.
/images/29676.png> <./images/29677.png> <./images/29678.png> <./images/29679.pn
g> <./images/29680.png>] (./a3.aux (./table3.aux)) ) 
Here is how much of TeX's memory you used:
 12991 strings out of 495061
 265314 string characters out of 1182621
 365836 words of memory out of 3000000
 15824 multiletter control sequences out of 15000+50000
 3640 words of font info for 14 fonts, out of 3000000 for 9000
 28 hyphenation exceptions out of 8191
 56i,6n,56p,418b,534s stack positions out of 5000i,500n,10000p,200000b,50000s
</usr/share/texmf-texlive/f
onts/type1/public/amsfonts/cm/cmr10.pfb>
Output written on a3.pdf (2 pages, 584298 bytes).
PDF statistics:
 335 PDF objects out of 1000 (max. 8388607)
 0 named destinations out of 1000 (max. 500000)
 808 words of extra memory for PDF output out of 10000 (max. 10000000)

