This is pdfTeX, Version 3.1415926-1.40.10 (TeX Live 2009/Debian) (format=pdflatex 2013.7.19)  19 JUL 2013 19:47
entering extended mode
 %&-line parsing enabled.
**a4
(./a4.tex
LaTeX2e <2009/09/24>
Babel <v3.8l> and hyphenation patterns for english, usenglishmax, dumylang, noh
yphenation, loaded.
(/usr/share/texmf-texlive/tex/latex/base/article.cls
Document Class: article 2007/10/19 v1.4h Standard LaTeX document class
(/usr/share/texmf-texlive/tex/latex/base/size10.clo
File: size10.clo 2007/10/19 v1.4h Standard LaTeX file (size option)
)
\c@part=\count79
\c@section=\count80
\c@subsection=\count81
\c@subsubsection=\count82
\c@paragraph=\count83
\c@subparagraph=\count84
\c@figure=\count85
\c@table=\count86
\abovecaptionskip=\skip41
\belowcaptionskip=\skip42
\bibindent=\dimen102
)
(/usr/share/texmf/tex/latex/pgf/frontendlayer/tikz.sty
(/usr/share/texmf/tex/latex/pgf/basiclayer/pgf.sty
(/usr/share/texmf/tex/latex/pgf/utilities/pgfrcs.sty
(/usr/share/texmf/tex/generic/pgf/utilities/pgfutil-common.tex
\pgfutil@everybye=\toks14
)
(/usr/share/texmf/tex/generic/pgf/utilities/pgfutil-latex.def
\pgfutil@abb=\box26

(/usr/share/texmf-texlive/tex/latex/ms/everyshi.sty
Package: everyshi 2001/05/15 v3.00 EveryShipout Package (MS)
))
(/usr/share/texmf/tex/generic/pgf/utilities/pgfrcs.code.tex
Package: pgfrcs 2010/10/25 v2.10 (rcs-revision 1.24)
))
Package: pgf 2008/01/15 v2.10 (rcs-revision 1.12)

(/usr/share/texmf/tex/latex/pgf/basiclayer/pgfcore.sty
(/usr/share/texmf-texlive/tex/latex/graphics/graphicx.sty
Package: graphicx 1999/02/16 v1.0f Enhanced LaTeX Graphics (DPC,SPQR)

(/usr/share/texmf-texlive/tex/latex/graphics/keyval.sty
Package: keyval 1999/03/16 v1.13 key=value parser (DPC)
\KV@toks@=\toks15
)
(/usr/share/texmf-texlive/tex/latex/graphics/graphics.sty
Package: graphics 2009/02/05 v1.0o Standard LaTeX Graphics (DPC,SPQR)

(/usr/share/texmf-texlive/tex/latex/graphics/trig.sty
Package: trig 1999/03/16 v1.09 sin cos tan (DPC)
)
(/etc/texmf/tex/latex/config/graphics.cfg
File: graphics.cfg 2009/08/28 v1.8 graphics configuration of TeX Live
)
Package graphics Info: Driver file: pdftex.def on input line 91.

(/usr/share/texmf-texlive/tex/latex/pdftex-def/pdftex.def
File: pdftex.def 2010/03/12 v0.04p Graphics/color for pdfTeX
\Gread@gobject=\count87
))
\Gin@req@height=\dimen103
\Gin@req@width=\dimen104
)
(/usr/share/texmf/tex/latex/pgf/systemlayer/pgfsys.sty
(/usr/share/texmf/tex/generic/pgf/systemlayer/pgfsys.code.tex
Package: pgfsys 2010/06/30 v2.10 (rcs-revision 1.37)

(/usr/share/texmf/tex/generic/pgf/utilities/pgfkeys.code.tex
\pgfkeys@pathtoks=\toks16
\pgfkeys@temptoks=\toks17

(/usr/share/texmf/tex/generic/pgf/utilities/pgfkeysfiltered.code.tex
\pgfkeys@tmptoks=\toks18
))
\pgf@x=\dimen105
\pgf@y=\dimen106
\pgf@xa=\dimen107
\pgf@ya=\dimen108
\pgf@xb=\dimen109
\pgf@yb=\dimen110
\pgf@xc=\dimen111
\pgf@yc=\dimen112
\w@pgf@writea=\write3
\r@pgf@reada=\read1
\c@pgf@counta=\count88
\c@pgf@countb=\count89
\c@pgf@countc=\count90
\c@pgf@countd=\count91

(/usr/share/texmf/tex/generic/pgf/systemlayer/pgf.cfg
File: pgf.cfg 2008/05/14  (rcs-revision 1.7)
)
Package pgfsys Info: Driver file for pgf: pgfsys-pdftex.def on input line 900.

(/usr/share/texmf/tex/generic/pgf/systemlayer/pgfsys-pdftex.def
File: pgfsys-pdftex.def 2009/05/22  (rcs-revision 1.26)

(/usr/share/texmf/tex/generic/pgf/systemlayer/pgfsys-common-pdf.def
File: pgfsys-common-pdf.def 2008/05/19  (rcs-revision 1.10)
)))
(/usr/share/texmf/tex/generic/pgf/systemlayer/pgfsyssoftpath.code.tex
File: pgfsyssoftpath.code.tex 2008/07/18  (rcs-revision 1.7)
\pgfsyssoftpath@smallbuffer@items=\count92
\pgfsyssoftpath@bigbuffer@items=\count93
)
(/usr/share/texmf/tex/generic/pgf/systemlayer/pgfsysprotocol.code.tex
File: pgfsysprotocol.code.tex 2006/10/16  (rcs-revision 1.4)
))
(/usr/share/texmf/tex/latex/xcolor/xcolor.sty
Package: xcolor 2007/01/21 v2.11 LaTeX color extensions (UK)

(/etc/texmf/tex/latex/config/color.cfg
File: color.cfg 2007/01/18 v1.5 color configuration of teTeX/TeXLive
)
Package xcolor Info: Driver file: pdftex.def on input line 225.
Package xcolor Info: Model `cmy' substituted by `cmy0' on input line 1337.
Package xcolor Info: Model `hsb' substituted by `rgb' on input line 1341.
Package xcolor Info: Model `RGB' extended on input line 1353.
Package xcolor Info: Model `HTML' substituted by `rgb' on input line 1355.
Package xcolor Info: Model `Hsb' substituted by `hsb' on input line 1356.
Package xcolor Info: Model `tHsb' substituted by `hsb' on input line 1357.
Package xcolor Info: Model `HSB' substituted by `hsb' on input line 1358.
Package xcolor Info: Model `Gray' substituted by `gray' on input line 1359.
Package xcolor Info: Model `wave' substituted by `hsb' on input line 1360.
)
(/usr/share/texmf/tex/generic/pgf/basiclayer/pgfcore.code.tex
Package: pgfcore 2010/04/11 v2.10 (rcs-revision 1.7)

(/usr/share/texmf/tex/generic/pgf/math/pgfmath.code.tex
(/usr/share/texmf/tex/generic/pgf/math/pgfmathcalc.code.tex
(/usr/share/texmf/tex/generic/pgf/math/pgfmathutil.code.tex)
(/usr/share/texmf/tex/generic/pgf/math/pgfmathparser.code.tex
\pgfmath@dimen=\dimen113
\pgfmath@count=\count94
\pgfmath@box=\box27
\pgfmath@toks=\toks19
\pgfmath@stack@operand=\toks20
\pgfmath@stack@operation=\toks21
)
(/usr/share/texmf/tex/generic/pgf/math/pgfmathfunctions.code.tex
(/usr/share/texmf/tex/generic/pgf/math/pgfmathfunctions.basic.code.tex)
(/usr/share/texmf/tex/generic/pgf/math/pgfmathfunctions.trigonometric.code.tex)
(/usr/share/texmf/tex/generic/pgf/math/pgfmathfunctions.random.code.tex)
(/usr/share/texmf/tex/generic/pgf/math/pgfmathfunctions.comparison.code.tex)
(/usr/share/texmf/tex/generic/pgf/math/pgfmathfunctions.base.code.tex)
(/usr/share/texmf/tex/generic/pgf/math/pgfmathfunctions.round.code.tex)
(/usr/share/texmf/tex/generic/pgf/math/pgfmathfunctions.misc.code.tex)))
(/usr/share/texmf/tex/generic/pgf/math/pgfmathfloat.code.tex
\c@pgfmathroundto@lastzeros=\count95
))
(/usr/share/texmf/tex/generic/pgf/basiclayer/pgfcorepoints.code.tex
File: pgfcorepoints.code.tex 2010/04/09  (rcs-revision 1.20)
\pgf@picminx=\dimen114
\pgf@picmaxx=\dimen115
\pgf@picminy=\dimen116
\pgf@picmaxy=\dimen117
\pgf@pathminx=\dimen118
\pgf@pathmaxx=\dimen119
\pgf@pathminy=\dimen120
\pgf@pathmaxy=\dimen121
\pgf@xx=\dimen122
\pgf@xy=\dimen123
\pgf@yx=\dimen124
\pgf@yy=\dimen125
\pgf@zx=\dimen126
\pgf@zy=\dimen127
)
(/usr/share/texmf/tex/generic/pgf/basiclayer/pgfcorepathconstruct.code.tex
File: pgfcorepathconstruct.code.tex 2010/08/03  (rcs-revision 1.24)
\pgf@path@lastx=\dimen128
\pgf@path@lasty=\dimen129
)
(/usr/share/texmf/tex/generic/pgf/basiclayer/pgfcorepathusage.code.tex
File: pgfcorepathusage.code.tex 2008/04/22  (rcs-revision 1.12)
\pgf@shorten@end@additional=\dimen130
\pgf@shorten@start@additional=\dimen131
)
(/usr/share/texmf/tex/generic/pgf/basiclayer/pgfcorescopes.code.tex
File: pgfcorescopes.code.tex 2010/09/08  (rcs-revision 1.34)
\pgfpic=\box28
\pgf@hbox=\box29
\pgf@layerbox@main=\box30
\pgf@picture@serial@count=\count96
)
(/usr/share/texmf/tex/generic/pgf/basiclayer/pgfcoregraphicstate.code.tex
File: pgfcoregraphicstate.code.tex 2008/04/22  (rcs-revision 1.9)
\pgflinewidth=\dimen132
)
(/usr/share/texmf/tex/generic/pgf/basiclayer/pgfcoretransformations.code.tex
File: pgfcoretransformations.code.tex 2009/06/10  (rcs-revision 1.11)
\pgf@pt@x=\dimen133
\pgf@pt@y=\dimen134
\pgf@pt@temp=\dimen135
)
(/usr/share/texmf/tex/generic/pgf/basiclayer/pgfcorequick.code.tex
File: pgfcorequick.code.tex 2008/10/09  (rcs-revision 1.3)
)
(/usr/share/texmf/tex/generic/pgf/basiclayer/pgfcoreobjects.code.tex
File: pgfcoreobjects.code.tex 2006/10/11  (rcs-revision 1.2)
)
(/usr/share/texmf/tex/generic/pgf/basiclayer/pgfcorepathprocessing.code.tex
File: pgfcorepathprocessing.code.tex 2008/10/09  (rcs-revision 1.8)
)
(/usr/share/texmf/tex/generic/pgf/basiclayer/pgfcorearrows.code.tex
File: pgfcorearrows.code.tex 2008/04/23  (rcs-revision 1.11)
)
(/usr/share/texmf/tex/generic/pgf/basiclayer/pgfcoreshade.code.tex
File: pgfcoreshade.code.tex 2008/11/23  (rcs-revision 1.13)
\pgf@max=\dimen136
\pgf@sys@shading@range@num=\count97
)
(/usr/share/texmf/tex/generic/pgf/basiclayer/pgfcoreimage.code.tex
File: pgfcoreimage.code.tex 2010/03/25  (rcs-revision 1.16)

(/usr/share/texmf/tex/generic/pgf/basiclayer/pgfcoreexternal.code.tex
File: pgfcoreexternal.code.tex 2010/09/01  (rcs-revision 1.17)
\pgfexternal@startupbox=\box31
))
(/usr/share/texmf/tex/generic/pgf/basiclayer/pgfcorelayers.code.tex
File: pgfcorelayers.code.tex 2010/08/27  (rcs-revision 1.2)
)
(/usr/share/texmf/tex/generic/pgf/basiclayer/pgfcoretransparency.code.tex
File: pgfcoretransparency.code.tex 2008/01/17  (rcs-revision 1.2)
)
(/usr/share/texmf/tex/generic/pgf/basiclayer/pgfcorepatterns.code.tex
File: pgfcorepatterns.code.tex 2009/07/02  (rcs-revision 1.3)
)))
(/usr/share/texmf/tex/generic/pgf/modules/pgfmoduleshapes.code.tex
File: pgfmoduleshapes.code.tex 2010/09/09  (rcs-revision 1.13)
\pgfnodeparttextbox=\box32
)
(/usr/share/texmf/tex/generic/pgf/modules/pgfmoduleplot.code.tex
File: pgfmoduleplot.code.tex 2010/10/22  (rcs-revision 1.8)
)
(/usr/share/texmf/tex/latex/pgf/compatibility/pgfcomp-version-0-65.sty
Package: pgfcomp-version-0-65 2007/07/03 v2.10 (rcs-revision 1.7)
\pgf@nodesepstart=\dimen137
\pgf@nodesepend=\dimen138
)
(/usr/share/texmf/tex/latex/pgf/compatibility/pgfcomp-version-1-18.sty
Package: pgfcomp-version-1-18 2007/07/23 v2.10 (rcs-revision 1.1)
))
(/usr/share/texmf/tex/latex/pgf/utilities/pgffor.sty
(/usr/share/texmf/tex/latex/pgf/utilities/pgfkeys.sty
(/usr/share/texmf/tex/generic/pgf/utilities/pgfkeys.code.tex))
(/usr/share/texmf/tex/generic/pgf/utilities/pgffor.code.tex
Package: pgffor 2010/03/23 v2.10 (rcs-revision 1.18)
\pgffor@iter=\dimen139
\pgffor@skip=\dimen140
\pgffor@stack=\toks22
\pgffor@toks=\toks23
))
(/usr/share/texmf/tex/generic/pgf/frontendlayer/tikz/tikz.code.tex
Package: tikz 2010/10/13 v2.10 (rcs-revision 1.76)

(/usr/share/texmf/tex/generic/pgf/libraries/pgflibraryplothandlers.code.tex
File: pgflibraryplothandlers.code.tex 2010/05/31 v2.10 (rcs-revision 1.15)
\pgf@plot@mark@count=\count98
\pgfplotmarksize=\dimen141
)
\tikz@lastx=\dimen142
\tikz@lasty=\dimen143
\tikz@lastxsaved=\dimen144
\tikz@lastysaved=\dimen145
\tikzleveldistance=\dimen146
\tikzsiblingdistance=\dimen147
\tikz@figbox=\box33
\tikz@tempbox=\box34
\tikztreelevel=\count99
\tikznumberofchildren=\count100
\tikznumberofcurrentchild=\count101
\tikz@fig@count=\count102

(/usr/share/texmf/tex/generic/pgf/modules/pgfmodulematrix.code.tex
File: pgfmodulematrix.code.tex 2010/08/24  (rcs-revision 1.4)
\pgfmatrixcurrentrow=\count103
\pgfmatrixcurrentcolumn=\count104
\pgf@matrix@numberofcolumns=\count105
)
\tikz@expandcount=\count106

(/usr/share/texmf/tex/generic/pgf/frontendlayer/tikz/libraries/tikzlibrarytopat
hs.code.tex
File: tikzlibrarytopaths.code.tex 2008/06/17 v2.10 (rcs-revision 1.2)
)))
(/usr/share/texmf/tex/generic/pgf/frontendlayer/tikz/libraries/tikzlibraryshape
s.code.tex
File: tikzlibraryshapes.code.tex 2008/01/09 v2.10 (rcs-revision 1.1)

(/usr/share/texmf/tex/generic/pgf/frontendlayer/tikz/libraries/tikzlibraryshape
s.geometric.code.tex
File: tikzlibraryshapes.geometric.code.tex 2008/01/09 v2.10 (rcs-revision 1.1)

(/usr/share/texmf/tex/generic/pgf/libraries/shapes/pgflibraryshapes.geometric.c
ode.tex
File: pgflibraryshapes.geometric.code.tex 2008/06/26 v2.10 (rcs-revision 1.1)
))
(/usr/share/texmf/tex/generic/pgf/frontendlayer/tikz/libraries/tikzlibraryshape
s.misc.code.tex
File: tikzlibraryshapes.misc.code.tex 2008/01/09 v2.10 (rcs-revision 1.1)

(/usr/share/texmf/tex/generic/pgf/libraries/shapes/pgflibraryshapes.misc.code.t
ex
File: pgflibraryshapes.misc.code.tex 2008/10/07 v2.10 (rcs-revision 1.3)
))
(/usr/share/texmf/tex/generic/pgf/frontendlayer/tikz/libraries/tikzlibraryshape
s.symbols.code.tex
File: tikzlibraryshapes.symbols.code.tex 2008/01/09 v2.10 (rcs-revision 1.1)

(/usr/share/texmf/tex/generic/pgf/libraries/shapes/pgflibraryshapes.symbols.cod
e.tex
File: pgflibraryshapes.symbols.code.tex 2009/10/27 v2.10 (rcs-revision 1.3)
))
(/usr/share/texmf/tex/generic/pgf/frontendlayer/tikz/libraries/tikzlibraryshape
s.arrows.code.tex
File: tikzlibraryshapes.arrows.code.tex 2008/01/09 v2.10 (rcs-revision 1.1)

(/usr/share/texmf/tex/generic/pgf/libraries/shapes/pgflibraryshapes.arrows.code
.tex
File: pgflibraryshapes.arrows.code.tex 2008/06/26 v2.10 (rcs-revision 1.1)
))
(/usr/share/texmf/tex/generic/pgf/frontendlayer/tikz/libraries/tikzlibraryshape
s.callouts.code.tex
(/usr/share/texmf/tex/generic/pgf/libraries/shapes/pgflibraryshapes.callouts.co
de.tex))
(/usr/share/texmf/tex/generic/pgf/frontendlayer/tikz/libraries/tikzlibraryshape
s.multipart.code.tex
File: tikzlibraryshapes.multipart.code.tex 2008/01/09 v2.10 (rcs-revision 1.1)

(/usr/share/texmf/tex/generic/pgf/libraries/shapes/pgflibraryshapes.multipart.c
ode.tex
File: pgflibraryshapes.multipart.code.tex 2010/01/07 v2.10 (rcs-revision 1.2)
\pgfnodepartlowerbox=\box35
\pgfnodeparttwobox=\box36
\pgfnodepartthreebox=\box37
\pgfnodepartfourbox=\box38
\pgfnodeparttwentybox=\box39
\pgfnodepartnineteenbox=\box40
\pgfnodeparteighteenbox=\box41
\pgfnodepartseventeenbox=\box42
\pgfnodepartsixteenbox=\box43
\pgfnodepartfifteenbox=\box44
\pgfnodepartfourteenbox=\box45
\pgfnodepartthirteenbox=\box46
\pgfnodeparttwelvebox=\box47
\pgfnodepartelevenbox=\box48
\pgfnodeparttenbox=\box49
\pgfnodepartninebox=\box50
\pgfnodeparteightbox=\box51
\pgfnodepartsevenbox=\box52
\pgfnodepartsixbox=\box53
\pgfnodepartfivebox=\box54
)))
(/usr/share/texmf/tex/generic/pgf/frontendlayer/tikz/libraries/tikzlibraryarrow
s.code.tex
File: tikzlibraryarrows.code.tex 2008/01/09 v2.10 (rcs-revision 1.1)

(/usr/share/texmf/tex/generic/pgf/libraries/pgflibraryarrows.code.tex
File: pgflibraryarrows.code.tex 2008/10/27 v2.10 (rcs-revision 1.9)
\arrowsize=\dimen148
))
No file a4.aux.
\openout1 = `a4.aux'.

LaTeX Font Info:    Checking defaults for OML/cmm/m/it on input line 9.
LaTeX Font Info:    ... okay on input line 9.
LaTeX Font Info:    Checking defaults for T1/cmr/m/n on input line 9.
LaTeX Font Info:    ... okay on input line 9.
LaTeX Font Info:    Checking defaults for OT1/cmr/m/n on input line 9.
LaTeX Font Info:    ... okay on input line 9.
LaTeX Font Info:    Checking defaults for OMS/cmsy/m/n on input line 9.
LaTeX Font Info:    ... okay on input line 9.
LaTeX Font Info:    Checking defaults for OMX/cmex/m/n on input line 9.
LaTeX Font Info:    ... okay on input line 9.
LaTeX Font Info:    Checking defaults for U/cmr/m/n on input line 9.
LaTeX Font Info:    ... okay on input line 9.
ABD: EveryShipout initializing macros
(/usr/share/texmf-texlive/tex/context/base/supp-pdf.mkii
[Loading MPS to PDF converter (version 2006.09.02).]
\scratchcounter=\count107
\scratchdimen=\dimen149
\scratchbox=\box55
\nofMPsegments=\count108
\nofMParguments=\count109
\everyMPshowfont=\toks24
\MPscratchCnt=\count110
\MPscratchDim=\dimen150
\MPnumerator=\count111
\everyMPtoPDFconversion=\toks25
)
\openout2 = `table4.aux'.

 (./table4.tex <images/28199.png, id=4, 124.465pt x 82.3075pt>
File: images/28199.png Graphic file (type png)

<use images/28199.png> <images/28200.png, id=6, 49.18375pt x 91.34125pt>
File: images/28200.png Graphic file (type png)

<use images/28200.png> <images/28201.png, id=7, 49.18375pt x 79.29625pt>
File: images/28201.png Graphic file (type png)

<use images/28201.png> <images/28202.png, id=8, 99.37125pt x 83.31125pt>
File: images/28202.png Graphic file (type png)

<use images/28202.png> <images/28203.png, id=9, 87.32625pt x 85.31876pt>
File: images/28203.png Graphic file (type png)

<use images/28203.png> <images/28204.png, id=10, 22.0825pt x 72.27pt>
File: images/28204.png Graphic file (type png)

<use images/28204.png> <images/28205.png, id=11, 41.15375pt x 79.29625pt>
File: images/28205.png Graphic file (type png)

<use images/28205.png> <images/28206.png, id=12, 40.15pt x 85.31876pt>
File: images/28206.png Graphic file (type png)

<use images/28206.png> <images/28207.png, id=13, 85.31876pt x 82.3075pt>
File: images/28207.png Graphic file (type png)

<use images/28207.png> <images/28208.png, id=14, 88.33pt x 82.3075pt>
File: images/28208.png Graphic file (type png)

<use images/28208.png> <images/28209.png, id=15, 37.13875pt x 82.3075pt>
File: images/28209.png Graphic file (type png)

<use images/28209.png> <images/28210.png, id=16, 53.19875pt x 81.30376pt>
File: images/28210.png Graphic file (type png)

<use images/28210.png> <images/28211.png, id=17, 150.5625pt x 86.3225pt>
File: images/28211.png Graphic file (type png)

<use images/28211.png> <images/28212.png, id=18, 118.4425pt x 86.3225pt>
File: images/28212.png Graphic file (type png)

<use images/28212.png> <images/28213.png, id=19, 70.2625pt x 85.31876pt>
File: images/28213.png Graphic file (type png)

<use images/28213.png> <images/28214.png, id=20, 57.21375pt x 85.31876pt>
File: images/28214.png Graphic file (type png)

<use images/28214.png> <images/28215.png, id=21, 202.7575pt x 82.3075pt>
File: images/28215.png Graphic file (type png)

<use images/28215.png> <images/28216.png, id=22, 88.33pt x 84.315pt>
File: images/28216.png Graphic file (type png)

<use images/28216.png> <images/28217.png, id=23, 114.4275pt x 83.31125pt>
File: images/28217.png Graphic file (type png)

<use images/28217.png> <images/28218.png, id=24, 94.3525pt x 84.315pt>
File: images/28218.png Graphic file (type png)

<use images/28218.png> <images/28219.png, id=25, 32.12pt x 75.28125pt>
File: images/28219.png Graphic file (type png)

<use images/28219.png> <images/28220.png, id=26, 39.14626pt x 73.27374pt>
File: images/28220.png Graphic file (type png)

<use images/28220.png> <images/28221.png, id=27, 76.285pt x 81.30376pt>
File: images/28221.png Graphic file (type png)

<use images/28221.png> <images/28222.png, id=28, 164.615pt x 82.3075pt>
File: images/28222.png Graphic file (type png)

<use images/28222.png> <images/28223.png, id=29, 58.2175pt x 91.34125pt>
File: images/28223.png Graphic file (type png)

<use images/28223.png> <images/28224.png, id=30, 88.33pt x 83.31125pt>
File: images/28224.png Graphic file (type png)

<use images/28224.png> <images/28225.png, id=31, 37.13875pt x 75.28125pt>
File: images/28225.png Graphic file (type png)

<use images/28225.png> <images/28226.png, id=32, 47.17625pt x 86.3225pt>
File: images/28226.png Graphic file (type png)

<use images/28226.png> <images/28227.png, id=33, 35.13126pt x 90.3375pt>
File: images/28227.png Graphic file (type png)

<use images/28227.png> <images/28228.png, id=34, 53.19875pt x 74.2775pt>
File: images/28228.png Graphic file (type png)

<use images/28228.png> <images/28229.png, id=35, 49.18375pt x 84.315pt>
File: images/28229.png Graphic file (type png)

<use images/28229.png> <images/28230.png, id=36, 202.7575pt x 82.3075pt>
File: images/28230.png Graphic file (type png)

<use images/28230.png> <images/28231.png, id=37, 88.33pt x 86.3225pt>
File: images/28231.png Graphic file (type png)

<use images/28231.png> <images/28232.png, id=38, 88.33pt x 83.31125pt>
File: images/28232.png Graphic file (type png)

<use images/28232.png> <images/28233.png, id=39, 78.2925pt x 81.30376pt>
File: images/28233.png Graphic file (type png)

<use images/28233.png> <images/28234.png, id=40, 31.11626pt x 83.31125pt>
File: images/28234.png Graphic file (type png)

<use images/28234.png> <images/28235.png, id=41, 33.12375pt x 89.33376pt>
File: images/28235.png Graphic file (type png)

<use images/28235.png> <images/28236.png, id=42, 79.29625pt x 81.30376pt>
File: images/28236.png Graphic file (type png)

<use images/28236.png> <images/28237.png, id=43, 164.615pt x 86.3225pt>
File: images/28237.png Graphic file (type png)

<use images/28237.png> <images/28238.png, id=44, 34.1275pt x 74.2775pt>
File: images/28238.png Graphic file (type png)

<use images/28238.png> <images/28239.png, id=45, 88.33pt x 79.29625pt>
File: images/28239.png Graphic file (type png)

<use images/28239.png> <images/28240.png, id=46, 30.1125pt x 86.3225pt>
File: images/28240.png Graphic file (type png)

<use images/28240.png> <images/28241.png, id=47, 39.14626pt x 70.2625pt>
File: images/28241.png Graphic file (type png)

<use images/28241.png> <images/28242.png, id=48, 88.33pt x 85.31876pt>
File: images/28242.png Graphic file (type png)

<use images/28242.png> <images/28243.png, id=49, 46.1725pt x 81.30376pt>
File: images/28243.png Graphic file (type png)

<use images/28243.png> <images/28244.png, id=50, 90.3375pt x 81.30376pt>
File: images/28244.png Graphic file (type png)

<use images/28244.png> <images/28245.png, id=51, 88.33pt x 83.31125pt>
File: images/28245.png Graphic file (type png)

<use images/28245.png> <images/28246.png, id=52, 85.31876pt x 77.28876pt>
File: images/28246.png Graphic file (type png)

<use images/28246.png> <images/28247.png, id=53, 88.33pt x 69.25874pt>
File: images/28247.png Graphic file (type png)

<use images/28247.png> <images/28248.png, id=54, 34.1275pt x 76.285pt>
File: images/28248.png Graphic file (type png)

<use images/28248.png> <images/28249.png, id=55, 88.33pt x 83.31125pt>
File: images/28249.png Graphic file (type png)

<use images/28249.png> <images/28250.png, id=56, 88.33pt x 66.2475pt>
File: images/28250.png Graphic file (type png)

<use images/28250.png> <images/28251.png, id=57, 111.41624pt x 93.34875pt>
File: images/28251.png Graphic file (type png)

<use images/28251.png> <images/28252.png, id=58, 202.7575pt x 82.3075pt>
File: images/28252.png Graphic file (type png)

<use images/28252.png> <images/28253.png, id=59, 88.33pt x 86.3225pt>
File: images/28253.png Graphic file (type png)

<use images/28253.png> <images/28254.png, id=60, 72.27pt x 81.30376pt>
File: images/28254.png Graphic file (type png)

<use images/28254.png> <images/28255.png, id=61, 88.33pt x 81.30376pt>
File: images/28255.png Graphic file (type png)

<use images/28255.png> <images/28256.png, id=62, 52.195pt x 83.31125pt>
File: images/28256.png Graphic file (type png)

<use images/28256.png> <images/28257.png, id=63, 48.18pt x 82.3075pt>
File: images/28257.png Graphic file (type png)

<use images/28257.png> <images/28258.png, id=64, 165.61874pt x 85.31876pt>
File: images/28258.png Graphic file (type png)

<use images/28258.png> <images/28259.png, id=65, 88.33pt x 79.29625pt>
File: images/28259.png Graphic file (type png)

<use images/28259.png> <images/28260.png, id=66, 114.4275pt x 83.31125pt>
File: images/28260.png Graphic file (type png)

<use images/28260.png> <images/28261.png, id=67, 87.32625pt x 81.30376pt>
File: images/28261.png Graphic file (type png)

<use images/28261.png> <images/28262.png, id=68, 64.24pt x 83.31125pt>
File: images/28262.png Graphic file (type png)

<use images/28262.png> <images/28361.png, id=69, 67.25125pt x 90.3375pt>
File: images/28361.png Graphic file (type png)

<use images/28361.png> <images/28362.png, id=70, 58.2175pt x 91.34125pt>
File: images/28362.png Graphic file (type png)

<use images/28362.png> <images/28363.png, id=71, 46.1725pt x 81.30376pt>
File: images/28363.png Graphic file (type png)

<use images/28363.png> <images/28364.png, id=72, 88.33pt x 83.31125pt>
File: images/28364.png Graphic file (type png)

<use images/28364.png> <images/28365.png, id=73, 22.0825pt x 72.27pt>
File: images/28365.png Graphic file (type png)

<use images/28365.png> <images/28366.png, id=74, 89.33376pt x 89.33376pt>
File: images/28366.png Graphic file (type png)

<use images/28366.png> <images/28367.png, id=75, 35.13126pt x 90.3375pt>
File: images/28367.png Graphic file (type png)

<use images/28367.png> <images/28368.png, id=76, 51.19125pt x 80.3pt>
File: images/28368.png Graphic file (type png)

<use images/28368.png> <images/28369.png, id=77, 85.31876pt x 83.31125pt>
File: images/28369.png Graphic file (type png)

<use images/28369.png> <images/28370.png, id=78, 34.1275pt x 74.2775pt>
File: images/28370.png Graphic file (type png)

<use images/28370.png> <images/28371.png, id=79, 88.33pt x 83.31125pt>
File: images/28371.png Graphic file (type png)

<use images/28371.png> <images/28372.png, id=80, 88.33pt x 76.285pt>
File: images/28372.png Graphic file (type png)

<use images/28372.png> <images/28373.png, id=81, 84.315pt x 91.34125pt>
File: images/28373.png Graphic file (type png)

<use images/28373.png> <images/28374.png, id=82, 34.1275pt x 76.285pt>
File: images/28374.png Graphic file (type png)

<use images/28374.png> <images/28375.png, id=83, 88.33pt x 83.31125pt>
File: images/28375.png Graphic file (type png)

<use images/28375.png> <images/28376.png, id=84, 88.33pt x 85.31876pt>
File: images/28376.png Graphic file (type png)

<use images/28376.png> <images/28377.png, id=85, 163.61125pt x 86.3225pt>
File: images/28377.png Graphic file (type png)

<use images/28377.png> <images/28378.png, id=86, 42.1575pt x 81.30376pt>
File: images/28378.png Graphic file (type png)

<use images/28378.png> <images/28379.png, id=87, 37.13875pt x 82.3075pt>
File: images/28379.png Graphic file (type png)

<use images/28379.png> <images/28380.png, id=88, 44.165pt x 74.2775pt>
File: images/28380.png Graphic file (type png)

<use images/28380.png> <images/28381.png, id=89, 32.12pt x 70.2625pt>
File: images/28381.png Graphic file (type png)

<use images/28381.png> <images/28382.png, id=90, 88.33pt x 77.28876pt>
File: images/28382.png Graphic file (type png)

<use images/28382.png> <images/28383.png, id=91, 161.60374pt x 85.31876pt>
File: images/28383.png Graphic file (type png)

<use images/28383.png> <images/28384.png, id=92, 61.22874pt x 85.31876pt>
File: images/28384.png Graphic file (type png)

<use images/28384.png> <images/28385.png, id=93, 88.33pt x 79.29625pt>
File: images/28385.png Graphic file (type png)

<use images/28385.png> <images/28386.png, id=94, 84.315pt x 72.27pt>
File: images/28386.png Graphic file (type png)

<use images/28386.png> <images/28387.png, id=95, 88.33pt x 79.29625pt>
File: images/28387.png Graphic file (type png)

<use images/28387.png> <images/28388.png, id=96, 55.20625pt x 83.31125pt>
File: images/28388.png Graphic file (type png)

<use images/28388.png> <images/28389.png, id=97, 62.2325pt x 76.285pt>
File: images/28389.png Graphic file (type png)

<use images/28389.png> <images/28390.png, id=98, 53.19875pt x 74.2775pt>
File: images/28390.png Graphic file (type png)

<use images/28390.png> <images/28391.png, id=99, 84.315pt x 84.315pt>
File: images/28391.png Graphic file (type png)

<use images/28391.png> <images/28392.png, id=100, 67.25125pt x 90.3375pt>
File: images/28392.png Graphic file (type png)

<use images/28392.png> <images/28393.png, id=101, 88.33pt x 79.29625pt>
File: images/28393.png Graphic file (type png)

<use images/28393.png> <images/28394.png, id=102, 88.33pt x 66.2475pt>
File: images/28394.png Graphic file (type png)

<use images/28394.png> <images/28395.png, id=103, 107.40125pt x 72.27pt>
File: images/28395.png Graphic file (type png)

<use images/28395.png> <images/28396.png, id=104, 62.2325pt x 85.31876pt>
File: images/28396.png Graphic file (type png)

<use images/28396.png> <images/28397.png, id=105, 88.33pt x 66.2475pt>
File: images/28397.png Graphic file (type png)

<use images/28397.png> <images/28398.png, id=106, 32.12pt x 70.2625pt>
File: images/28398.png Graphic file (type png)

<use images/28398.png> <images/28399.png, id=107, 96.36pt x 84.315pt>
File: images/28399.png Graphic file (type png)

<use images/28399.png> <images/28400.png, id=108, 75.28125pt x 80.3pt>
File: images/28400.png Graphic file (type png)

<use images/28400.png> <images/28401.png, id=109, 88.33pt x 82.3075pt>
File: images/28401.png Graphic file (type png)

<use images/28401.png> <images/28402.png, id=110, 102.3825pt x 83.31125pt>
File: images/28402.png Graphic file (type png)

<use images/28402.png> <images/28403.png, id=111, 34.1275pt x 82.3075pt>
File: images/28403.png Graphic file (type png)

<use images/28403.png> <images/28404.png, id=112, 22.0825pt x 72.27pt>
File: images/28404.png Graphic file (type png)

<use images/28404.png> <images/28405.png, id=113, 53.19875pt x 73.27374pt>
File: images/28405.png Graphic file (type png)

<use images/28405.png> <images/28406.png, id=114, 88.33pt x 79.29625pt>
File: images/28406.png Graphic file (type png)

<use images/28406.png> <images/28407.png, id=115, 114.4275pt x 83.31125pt>
File: images/28407.png Graphic file (type png)

<use images/28407.png> <images/28408.png, id=116, 52.195pt x 87.32625pt>
File: images/28408.png Graphic file (type png)

<use images/28408.png> <images/28409.png, id=117, 32.12pt x 62.2325pt>
File: images/28409.png Graphic file (type png)

<use images/28409.png> <images/28410.png, id=118, 88.33pt x 78.2925pt>
File: images/28410.png Graphic file (type png)

<use images/28410.png> <images/28411.png, id=119, 111.41624pt x 91.34125pt>
File: images/28411.png Graphic file (type png)

<use images/28411.png> <images/28412.png, id=120, 53.19875pt x 85.31876pt>
File: images/28412.png Graphic file (type png)

<use images/28412.png> <images/28413.png, id=121, 64.24pt x 80.3pt>
File: images/28413.png Graphic file (type png)

<use images/28413.png> <images/28414.png, id=122, 37.13875pt x 85.31876pt>
File: images/28414.png Graphic file (type png)

<use images/28414.png> <images/28415.png, id=123, 88.33pt x 79.29625pt>
File: images/28415.png Graphic file (type png)

<use images/28415.png> <images/28564.png, id=124, 35.13126pt x 78.2925pt>
File: images/28564.png Graphic file (type png)

<use images/28564.png> <images/28565.png, id=125, 152.57pt x 81.30376pt>
File: images/28565.png Graphic file (type png)

<use images/28565.png> <images/28566.png, id=126, 155.58125pt x 90.3375pt>
File: images/28566.png Graphic file (type png)

<use images/28566.png> <images/28567.png, id=127, 52.195pt x 75.28125pt>
File: images/28567.png Graphic file (type png)

<use images/28567.png> <images/28568.png, id=128, 88.33pt x 86.3225pt>
File: images/28568.png Graphic file (type png)

<use images/28568.png> <images/28569.png, id=129, 37.13875pt x 82.3075pt>
File: images/28569.png Graphic file (type png)

<use images/28569.png> <images/28570.png, id=130, 44.165pt x 74.2775pt>
File: images/28570.png Graphic file (type png)

<use images/28570.png> <images/28571.png, id=131, 32.12pt x 70.2625pt>
File: images/28571.png Graphic file (type png)

<use images/28571.png> <images/28572.png, id=132, 88.33pt x 77.28876pt>
File: images/28572.png Graphic file (type png)

<use images/28572.png> <images/28573.png, id=133, 157.58875pt x 90.3375pt>
File: images/28573.png Graphic file (type png)

<use images/28573.png> <images/28574.png, id=134, 52.195pt x 83.31125pt>
File: images/28574.png Graphic file (type png)

<use images/28574.png> <images/28575.png, id=135, 32.12pt x 70.2625pt>
File: images/28575.png Graphic file (type png)

<use images/28575.png> <images/28576.png, id=136, 88.33pt x 68.255pt>
File: images/28576.png Graphic file (type png)

<use images/28576.png> <images/28577.png, id=137, 76.285pt x 78.2925pt>
File: images/28577.png Graphic file (type png)

<use images/28577.png> <images/28578.png, id=138, 107.40125pt x 83.31125pt>
File: images/28578.png Graphic file (type png)

<use images/28578.png> <images/28579.png, id=139, 232.87pt x 90.3375pt>
File: images/28579.png Graphic file (type png)

<use images/28579.png> <images/28580.png, id=140, 120.45pt x 86.3225pt>
File: images/28580.png Graphic file (type png)

<use images/28580.png> <images/28581.png, id=141, 88.33pt x 82.3075pt>
File: images/28581.png Graphic file (type png)

<use images/28581.png> <images/28582.png, id=142, 85.31876pt x 90.3375pt>
File: images/28582.png Graphic file (type png)

<use images/28582.png> <images/29160.png, id=143, 35.13126pt x 78.2925pt>
File: images/29160.png Graphic file (type png)

<use images/29160.png> <images/29161.png, id=144, 152.57pt x 81.30376pt>
File: images/29161.png Graphic file (type png)

<use images/29161.png> <images/29162.png, id=145, 155.58125pt x 90.3375pt>
File: images/29162.png Graphic file (type png)

<use images/29162.png> <images/29163.png, id=146, 52.195pt x 75.28125pt>
File: images/29163.png Graphic file (type png)

<use images/29163.png> <images/29164.png, id=147, 88.33pt x 86.3225pt>
File: images/29164.png Graphic file (type png)

<use images/29164.png> <images/29165.png, id=148, 37.13875pt x 82.3075pt>
File: images/29165.png Graphic file (type png)

<use images/29165.png> <images/29166.png, id=149, 44.165pt x 74.2775pt>
File: images/29166.png Graphic file (type png)

<use images/29166.png> <images/29167.png, id=150, 32.12pt x 70.2625pt>
File: images/29167.png Graphic file (type png)

<use images/29167.png> <images/29168.png, id=151, 88.33pt x 77.28876pt>
File: images/29168.png Graphic file (type png)

<use images/29168.png> <images/29169.png, id=152, 161.60374pt x 90.3375pt>
File: images/29169.png Graphic file (type png)

<use images/29169.png> <images/29170.png, id=153, 88.33pt x 79.29625pt>
File: images/29170.png Graphic file (type png)

<use images/29170.png> <images/29171.png, id=154, 52.195pt x 83.31125pt>
File: images/29171.png Graphic file (type png)

<use images/29171.png> <images/29172.png, id=155, 98.3675pt x 78.2925pt>
File: images/29172.png Graphic file (type png)

<use images/29172.png> <images/29173.png, id=156, 88.33pt x 77.28876pt>
File: images/29173.png Graphic file (type png)

<use images/29173.png> <images/29174.png, id=157, 32.12pt x 70.2625pt>
File: images/29174.png Graphic file (type png)

<use images/29174.png> <images/29175.png, id=158, 32.12pt x 80.3pt>
File: images/29175.png Graphic file (type png)

<use images/29175.png> <images/29176.png, id=159, 52.195pt x 75.28125pt>
File: images/29176.png Graphic file (type png)

<use images/29176.png> <images/29177.png, id=160, 165.61874pt x 79.29625pt>
File: images/29177.png Graphic file (type png)

<use images/29177.png> <images/29178.png, id=161, 102.3825pt x 79.29625pt>
File: images/29178.png Graphic file (type png)

<use images/29178.png> <images/29179.png, id=162, 165.61874pt x 82.3075pt>
File: images/29179.png Graphic file (type png)

<use images/29179.png> <images/29180.png, id=163, 44.165pt x 80.3pt>
File: images/29180.png Graphic file (type png)

<use images/29180.png> <images/29181.png, id=164, 77.28876pt x 76.285pt>
File: images/29181.png Graphic file (type png)

<use images/29181.png> <images/29628.png, id=165, 225.84375pt x 81.30376pt>
File: images/29628.png Graphic file (type png)

<use images/29628.png> <images/29629.png, id=166, 88.33pt x 85.31876pt>
File: images/29629.png Graphic file (type png)

<use images/29629.png> <images/29630.png, id=167, 37.13875pt x 82.3075pt>
File: images/29630.png Graphic file (type png)

<use images/29630.png> <images/29631.png, id=168, 132.495pt x 86.3225pt>
File: images/29631.png Graphic file (type png)

<use images/29631.png> <images/29632.png, id=169, 114.4275pt x 76.285pt>
File: images/29632.png Graphic file (type png)

<use images/29632.png> <images/29633.png, id=170, 54.2025pt x 90.3375pt>
File: images/29633.png Graphic file (type png)

<use images/29633.png> <images/29634.png, id=171, 59.22125pt x 80.3pt>
File: images/29634.png Graphic file (type png)

<use images/29634.png> <images/29635.png, id=172, 88.33pt x 80.3pt>
File: images/29635.png Graphic file (type png)

<use images/29635.png> <images/29636.png, id=173, 34.1275pt x 71.26625pt>
File: images/29636.png Graphic file (type png)

<use images/29636.png> <images/29637.png, id=174, 88.33pt x 85.31876pt>
File: images/29637.png Graphic file (type png)

<use images/29637.png> <images/29638.png, id=175, 69.25874pt x 80.3pt>
File: images/29638.png Graphic file (type png)

<use images/29638.png> <images/29639.png, id=176, 88.33pt x 77.28876pt>
File: images/29639.png Graphic file (type png)

<use images/29639.png> <images/29640.png, id=177, 107.40125pt x 72.27pt>
File: images/29640.png Graphic file (type png)

<use images/29640.png> <images/29641.png, id=178, 50.1875pt x 82.3075pt>
File: images/29641.png Graphic file (type png)

<use images/29641.png> <images/29642.png, id=179, 62.2325pt x 90.3375pt>
File: images/29642.png Graphic file (type png)

<use images/29642.png> <images/29643.png, id=180, 161.60374pt x 83.31125pt>
File: images/29643.png Graphic file (type png)

<use images/29643.png> <images/29644.png, id=181, 114.4275pt x 76.285pt>
File: images/29644.png Graphic file (type png)

<use images/29644.png> <images/29645.png, id=182, 113.42375pt x 83.31125pt>
File: images/29645.png Graphic file (type png)

<use images/29645.png> <images/29646.png, id=183, 62.2325pt x 77.28876pt>
File: images/29646.png Graphic file (type png)

<use images/29646.png> <images/29647.png, id=184, 83.31125pt x 82.3075pt>
File: images/29647.png Graphic file (type png)

<use images/29647.png> <images/29648.png, id=185, 41.15375pt x 89.33376pt>
File: images/29648.png Graphic file (type png)

<use images/29648.png> <images/29649.png, id=186, 88.33pt x 86.3225pt>
File: images/29649.png Graphic file (type png)

<use images/29649.png> <images/29650.png, id=187, 88.33pt x 79.29625pt>
File: images/29650.png Graphic file (type png)

<use images/29650.png> <images/29651.png, id=188, 59.22125pt x 81.30376pt>
File: images/29651.png Graphic file (type png)

<use images/29651.png> <images/29652.png, id=189, 107.40125pt x 92.345pt>
File: images/29652.png Graphic file (type png)

<use images/29652.png> <images/29653.png, id=190, 88.33pt x 90.3375pt>
File: images/29653.png Graphic file (type png)

<use images/29653.png> <images/29654.png, id=191, 113.42375pt x 79.29625pt>
File: images/29654.png Graphic file (type png)

<use images/29654.png> <images/29655.png, id=192, 63.23625pt x 76.285pt>
File: images/29655.png Graphic file (type png)

<use images/29655.png> <images/29656.png, id=193, 88.33pt x 81.30376pt>
File: images/29656.png Graphic file (type png)

<use images/29656.png> <images/29657.png, id=194, 90.3375pt x 86.3225pt>
File: images/29657.png Graphic file (type png)

<use images/29657.png> <images/29658.png, id=195, 58.2175pt x 91.34125pt>
File: images/29658.png Graphic file (type png)

<use images/29658.png> <images/29659.png, id=196, 88.33pt x 85.31876pt>
File: images/29659.png Graphic file (type png)

<use images/29659.png> <images/29660.png, id=197, 84.315pt x 85.31876pt>
File: images/29660.png Graphic file (type png)

<use images/29660.png> <images/29661.png, id=198, 152.57pt x 85.31876pt>
File: images/29661.png Graphic file (type png)

<use images/29661.png> <images/29662.png, id=199, 22.0825pt x 72.27pt>
File: images/29662.png Graphic file (type png)

<use images/29662.png> <images/29663.png, id=200, 88.33pt x 81.30376pt>
File: images/29663.png Graphic file (type png)

<use images/29663.png> <images/29664.png, id=201, 72.27pt x 81.30376pt>
File: images/29664.png Graphic file (type png)

<use images/29664.png>
Overfull \hbox (687.64316pt too wide) in paragraph at lines 239--240
[][] 
 []

) [1


{/var/lib/texmf/fonts/map/pdftex/updmap/pdftex.map}]
Overfull \vbox (6133.83687pt too high) has occurred while \output is active []


[2 <./images/28199.png> <./images/28200.png> <./images/28201.png> <./images/282
02.png> <./images/28203.png> <./images/28204.png> <./images/28205.png> <./image
s/28206.png> <./images/28207.png> <./images/28208.png> <./images/28209.png> <./
images/28210.png> <./images/28211.png> <./images/28212.png> <./images/28213.png
> <./images/28214.png> <./images/28215.png> <./images/28216.png> <./images/2821
7.png> <./images/28218.png> <./images/28219.png> <./images/28220.png> <./images
/28221.png> <./images/28222.png> <./images/28223.png> <./images/28224.png> <./i
mages/28225.png> <./images/28226.png> <./images/28227.png> <./images/28228.png>
 <./images/28229.png> <./images/28230.png> <./images/28231.png> <./images/28232
.png> <./images/28233.png> <./images/28234.png> <./images/28235.png> <./images/
28236.png> <./images/28237.png> <./images/28238.png> <./images/28239.png> <./im
ages/28240.png> <./images/28241.png> <./images/28242.png> <./images/28243.png> 
<./images/28244.png> <./images/28245.png> <./images/28246.png> <./images/28247.
png> <./images/28248.png> <./images/28249.png> <./images/28250.png> <./images/2
8251.png> <./images/28252.png> <./images/28253.png> <./images/28254.png> <./ima
ges/28255.png> <./images/28256.png> <./images/28257.png> <./images/28258.png> <
./images/28259.png> <./images/28260.png> <./images/28261.png> <./images/28262.p
ng> <./images/28361.png> <./images/28362.png> <./images/28363.png> <./images/28
364.png> <./images/28365.png> <./images/28366.png> <./images/28367.png> <./imag
es/28368.png> <./images/28369.png> <./images/28370.png> <./images/28371.png> <.
/images/28372.png> <./images/28373.png> <./images/28374.png> <./images/28375.pn
g> <./images/28376.png> <./images/28377.png> <./images/28378.png> <./images/283
79.png> <./images/28380.png> <./images/28381.png> <./images/28382.png> <./image
s/28383.png> <./images/28384.png> <./images/28385.png> <./images/28386.png> <./
images/28387.png> <./images/28388.png> <./images/28389.png> <./images/28390.png
> <./images/28391.png> <./images/28392.png> <./images/28393.png> <./images/2839
4.png> <./images/28395.png> <./images/28396.png> <./images/28397.png> <./images
/28398.png> <./images/28399.png> <./images/28400.png> <./images/28401.png> <./i
mages/28402.png> <./images/28403.png> <./images/28404.png> <./images/28405.png>
 <./images/28406.png> <./images/28407.png> <./images/28408.png> <./images/28409
.png> <./images/28410.png> <./images/28411.png> <./images/28412.png> <./images/
28413.png> <./images/28414.png> <./images/28415.png> <./images/28564.png> <./im
ages/28565.png> <./images/28566.png> <./images/28567.png> <./images/28568.png> 
<./images/28569.png> <./images/28570.png> <./images/28571.png> <./images/28572.
png> <./images/28573.png> <./images/28574.png> <./images/28575.png> <./images/2
8576.png> <./images/28577.png> <./images/28578.png> <./images/28579.png> <./ima
ges/28580.png> <./images/28581.png> <./images/28582.png> <./images/29160.png> <
./images/29161.png> <./images/29162.png> <./images/29163.png> <./images/29164.p
ng> <./images/29165.png> <./images/29166.png> <./images/29167.png> <./images/29
168.png> <./images/29169.png> <./images/29170.png> <./images/29171.png> <./imag
es/29172.png> <./images/29173.png> <./images/29174.png> <./images/29175.png> <.
/images/29176.png> <./images/29177.png> <./images/29178.png> <./images/29179.pn
g> <./images/29180.png> <./images/29181.png> <./images/29628.png> <./images/296
29.png> <./images/29630.png> <./images/29631.png> <./images/29632.png> <./image
s/29633.png> <./images/29634.png> <./images/29635.png> <./images/29636.png> <./
images/29637.png> <./images/29638.png> <./images/29639.png> <./images/29640.png
> <./images/29641.png> <./images/29642.png> <./images/29643.png> <./images/2964
4.png> <./images/29645.png> <./images/29646.png> <./images/29647.png> <./images
/29648.png> <./images/29649.png> <./images/29650.png> <./images/29651.png> <./i
mages/29652.png> <./images/29653.png> <./images/29654.png> <./images/29655.png>
 <./images/29656.png> <./images/29657.png> <./images/29658.png> <./images/29659
.png> <./images/29660.png> <./images/29661.png> <./images/29662.png> <./images/
29663.png> <./images/29664.png>] (./a4.aux (./table4.aux)) ) 
Here is how much of TeX's memory you used:
 13411 strings out of 495061
 272565 string characters out of 1182621
 385379 words of memory out of 3000000
 16206 multiletter control sequences out of 15000+50000
 3640 words of font info for 14 fonts, out of 3000000 for 9000
 28 hyphenation exceptions out of 8191
 56i,6n,56p,418b,533s stack positions out of 5000i,500n,10000p,200000b,50000s
</usr/share/texmf-t
exlive/fonts/type1/public/amsfonts/cm/cmr10.pfb>
Output written on a4.pdf (2 pages, 728044 bytes).
PDF statistics:
 411 PDF objects out of 1000 (max. 8388607)
 0 named destinations out of 1000 (max. 500000)
 998 words of extra memory for PDF output out of 10000 (max. 10000000)

